#
# There is insufficient memory for the Java Runtime Environment to continue.
# Native memory allocation (malloc) failed to allocate 1411136 bytes for Chunk::new
# Possible reasons:
#   The system is out of physical RAM or swap space
#   In 32 bit mode, the process size limit was hit
# Possible solutions:
#   Reduce memory load on the system
#   Increase physical memory or swap space
#   Check if swap backing store is full
#   Use 64 bit Java on a 64 bit OS
#   Decrease Java heap size (-Xmx/-Xms)
#   Decrease number of Java threads
#   Decrease Java thread stack sizes (-Xss)
#   Set larger code cache with -XX:ReservedCodeCacheSize=
# This output file may be truncated or incomplete.
#
#  Out of Memory Error (allocation.cpp:390), pid=105792, tid=90552
#
# JRE version: Java(TM) SE Runtime Environment (8.0_60-b27) (build 1.8.0_60-b27)
# Java VM: Java HotSpot(TM) 64-Bit Server VM (25.60-b23 mixed mode windows-amd64 compressed oops)
# Failed to write core dump. Minidumps are not enabled by default on client versions of Windows
#

---------------  T H R E A D  ---------------

Current thread (0x00000000151ca800):  JavaThread "C2 CompilerThread0" daemon [_thread_in_native, id=90552, stack(0x00000000166c0000,0x00000000167c0000)]

Stack: [0x00000000166c0000,0x00000000167c0000]
[error occurred during error reporting (printing stack bounds), id 0xc0000005]

Native frames: (J=compiled Java code, j=interpreted, Vv=VM code, C=native code)


Current CompileTask:
C2:   1604 1361   !   4       com.android.dx.cf.code.BytecodeArray::parseInstruction (2764 bytes)


---------------  P R O C E S S  ---------------

Java Threads: ( => current thread )
  0x0000000016919000 JavaThread "pool-1-thread-4" [_thread_blocked, id=9564, stack(0x00000000173c0000,0x00000000174c0000)]
  0x0000000016917000 JavaThread "pool-1-thread-3" [_thread_in_Java, id=124416, stack(0x00000000172c0000,0x00000000173c0000)]
  0x000000001691c000 JavaThread "pool-1-thread-2" [_thread_blocked, id=115504, stack(0x00000000171c0000,0x00000000172c0000)]
  0x000000001690b800 JavaThread "pool-2-thread-1" [_thread_blocked, id=109884, stack(0x00000000170c0000,0x00000000171c0000)]
  0x000000001690a800 JavaThread "pool-1-thread-1" [_thread_in_Java, id=117312, stack(0x0000000016fc0000,0x00000000170c0000)]
  0x000000001684d000 JavaThread "Service Thread" daemon [_thread_blocked, id=100624, stack(0x0000000016dc0000,0x0000000016ec0000)]
  0x00000000167c7800 JavaThread "C1 CompilerThread2" daemon [_thread_in_native, id=81284, stack(0x0000000016cc0000,0x0000000016dc0000)]
  0x00000000151ce000 JavaThread "C2 CompilerThread1" daemon [_thread_in_native, id=81412, stack(0x0000000016bc0000,0x0000000016cc0000)]
=>0x00000000151ca800 JavaThread "C2 CompilerThread0" daemon [_thread_in_native, id=90552, stack(0x00000000166c0000,0x00000000167c0000)]
  0x000000001517e800 JavaThread "Attach Listener" daemon [_thread_blocked, id=54132, stack(0x00000000165c0000,0x00000000166c0000)]
  0x000000001517d800 JavaThread "Signal Dispatcher" daemon [_thread_blocked, id=105852, stack(0x00000000164c0000,0x00000000165c0000)]
  0x0000000002a91000 JavaThread "Finalizer" daemon [_thread_blocked, id=53968, stack(0x00000000163c0000,0x00000000164c0000)]
  0x0000000002a8e000 JavaThread "Reference Handler" daemon [_thread_blocked, id=17896, stack(0x00000000162c0000,0x00000000163c0000)]
  0x000000000289e000 JavaThread "main" [_thread_in_native, id=53200, stack(0x00000000028a0000,0x00000000029a0000)]

Other Threads:
  0x0000000015137000 VMThread [stack: 0x00000000161c0000,0x00000000162c0000] [id=86392]
  0x0000000016889000 WatcherThread [stack: 0x0000000016ec0000,0x0000000016fc0000] [id=122328]

VM state:not at safepoint (normal execution)

VM Mutex/Monitor currently owned by a thread: None

Heap:
 PSYoungGen      total 36864K, used 24289K [0x00000000eab00000, 0x00000000ed400000, 0x0000000100000000)
  eden space 31744K, 60% used [0x00000000eab00000,0x00000000ebdbef70,0x00000000eca00000)
  from space 5120K, 99% used [0x00000000eca00000,0x00000000ecef94d0,0x00000000ecf00000)
  to   space 5120K, 0% used [0x00000000ecf00000,0x00000000ecf00000,0x00000000ed400000)
 ParOldGen       total 84992K, used 1992K [0x00000000c0000000, 0x00000000c5300000, 0x00000000eab00000)
  object space 84992K, 2% used [0x00000000c0000000,0x00000000c01f2368,0x00000000c5300000)
 Metaspace       used 5900K, capacity 7024K, committed 7296K, reserved 1056768K
  class space    used 578K, capacity 616K, committed 640K, reserved 1048576K

Card table byte_map: [0x0000000011e60000,0x0000000012070000] byte_map_base: 0x0000000011860000

Marking Bits: (ParMarkBitMap*) 0x000000005cbfa5b0
 Begin Bits: [0x00000000125d0000, 0x00000000135d0000)
 End Bits:   [0x00000000135d0000, 0x00000000145d0000)

Polling page: 0x0000000000b70000

CodeCache: size=245760Kb used=5636Kb max_used=5636Kb free=240123Kb
 bounds [0x0000000002aa0000, 0x0000000003030000, 0x0000000011aa0000]
 total_blobs=1652 nmethods=1388 adapters=177
 compilation: enabled

Compilation events (10 events):
Event: 1.587 Thread 0x00000000167c7800 nmethod 1397 0x0000000003022790 code [0x00000000030228e0, 0x0000000003022a30]
Event: 1.587 Thread 0x00000000167c7800 1400       2       com.android.dx.rop.annotation.Annotations::<init> (16 bytes)
Event: 1.588 Thread 0x00000000167c7800 nmethod 1400 0x0000000003022e90 code [0x0000000003022fe0, 0x00000000030231b0]
Event: 1.588 Thread 0x00000000167c7800 1401       2       com.android.dx.rop.annotation.Annotations::addAll (59 bytes)
Event: 1.588 Thread 0x00000000167c7800 nmethod 1401 0x0000000003023250 code [0x0000000003023420, 0x00000000030238d8]
Event: 1.591 Thread 0x00000000167c7800 1402       2       com.android.dx.cf.direct.DirectClassFile::getSourceFile (31 bytes)
Event: 1.591 Thread 0x00000000167c7800 nmethod 1402 0x0000000003023c10 code [0x0000000003023d80, 0x0000000003023fd8]
Event: 1.598 Thread 0x00000000167c7800 1403       2       java.util.concurrent.locks.LockSupport::setBlocker (12 bytes)
Event: 1.599 Thread 0x00000000167c7800 nmethod 1403 0x0000000003024150 code [0x00000000030242a0, 0x00000000030243f0]
Event: 1.601 Thread 0x00000000167c7800 1404       2       com.android.dx.dex.cf.CfTranslator::translate0 (259 bytes)

GC Heap History (2 events):
Event: 1.306 GC heap before
{Heap before GC invocations=1 (full 0):
 PSYoungGen      total 36864K, used 31744K [0x00000000eab00000, 0x00000000ed400000, 0x0000000100000000)
  eden space 31744K, 100% used [0x00000000eab00000,0x00000000eca00000,0x00000000eca00000)
  from space 5120K, 0% used [0x00000000ecf00000,0x00000000ecf00000,0x00000000ed400000)
  to   space 5120K, 0% used [0x00000000eca00000,0x00000000eca00000,0x00000000ecf00000)
 ParOldGen       total 84992K, used 0K [0x00000000c0000000, 0x00000000c5300000, 0x00000000eab00000)
  object space 84992K, 0% used [0x00000000c0000000,0x00000000c0000000,0x00000000c5300000)
 Metaspace       used 5771K, capacity 6960K, committed 7040K, reserved 1056768K
  class space    used 577K, capacity 616K, committed 640K, reserved 1048576K
Event: 1.318 GC heap after
Heap after GC invocations=1 (full 0):
 PSYoungGen      total 36864K, used 5093K [0x00000000eab00000, 0x00000000ed400000, 0x0000000100000000)
  eden space 31744K, 0% used [0x00000000eab00000,0x00000000eab00000,0x00000000eca00000)
  from space 5120K, 99% used [0x00000000eca00000,0x00000000ecef94d0,0x00000000ecf00000)
  to   space 5120K, 0% used [0x00000000ecf00000,0x00000000ecf00000,0x00000000ed400000)
 ParOldGen       total 84992K, used 1992K [0x00000000c0000000, 0x00000000c5300000, 0x00000000eab00000)
  object space 84992K, 2% used [0x00000000c0000000,0x00000000c01f2368,0x00000000c5300000)
 Metaspace       used 5771K, capacity 6960K, committed 7040K, reserved 1056768K
  class space    used 577K, capacity 616K, committed 640K, reserved 1048576K
}

Deoptimization events (10 events):
Event: 1.169 Thread 0x0000000016919000 Uncommon trap: reason=class_check action=maybe_recompile pc=0x0000000002d87f14 method=com.android.dx.ssa.NormalSsaInsn.accept(Lcom/android/dx/ssa/SsaInsn$Visitor;)V @ 9
Event: 1.181 Thread 0x0000000016919000 Uncommon trap: reason=class_check action=maybe_recompile pc=0x0000000002d989b8 method=com.android.dx.rop.type.Type.equals(Ljava/lang/Object;)Z @ 8
Event: 1.182 Thread 0x0000000016919000 Uncommon trap: reason=class_check action=maybe_recompile pc=0x0000000002d989b8 method=com.android.dx.rop.type.Type.equals(Ljava/lang/Object;)Z @ 8
Event: 1.227 Thread 0x000000001690a800 Uncommon trap: reason=bimorphic action=maybe_recompile pc=0x0000000002ede398 method=com.android.dx.cf.code.BytecodeArray.parseInstruction(ILcom/android/dx/cf/code/BytecodeArray$Visitor;)I @ 2135
Event: 1.228 Thread 0x000000001690a800 Uncommon trap: reason=bimorphic action=maybe_recompile pc=0x0000000002ede398 method=com.android.dx.cf.code.BytecodeArray.parseInstruction(ILcom/android/dx/cf/code/BytecodeArray$Visitor;)I @ 2135
Event: 1.250 Thread 0x000000001690a800 Uncommon trap: reason=unstable_if action=reinterpret pc=0x0000000002f0bdc4 method=com.android.dx.ssa.SsaRenamer$BlockRenamer.addMapping(ILcom/android/dx/rop/code/RegisterSpec;)V @ 120
Event: 1.423 Thread 0x000000000289e000 Uncommon trap: reason=bimorphic action=maybe_recompile pc=0x0000000002ede760 method=com.android.dx.cf.code.BytecodeArray.parseInstruction(ILcom/android/dx/cf/code/BytecodeArray$Visitor;)I @ 2484
Event: 1.424 Thread 0x000000000289e000 Uncommon trap: reason=bimorphic action=maybe_recompile pc=0x0000000002ede760 method=com.android.dx.cf.code.BytecodeArray.parseInstruction(ILcom/android/dx/cf/code/BytecodeArray$Visitor;)I @ 2484
Event: 1.527 Thread 0x000000000289e000 Uncommon trap: reason=null_check action=make_not_entrant pc=0x0000000002f73a0c method=com.android.dx.ssa.SsaRenamer.getLocalForNewReg(I)Lcom/android/dx/rop/code/LocalItem; @ 19
Event: 1.570 Thread 0x000000001690a800 Uncommon trap: reason=unstable_if action=reinterpret pc=0x0000000002f7a09c method=com.android.dx.ssa.SsaMethod.updateOneDefinition(Lcom/android/dx/ssa/SsaInsn;Lcom/android/dx/rop/code/RegisterSpec;)V @ 4

Internal exceptions (3 events):
Event: 0.055 Thread 0x000000000289e000 Exception <a 'java/lang/NoSuchMethodError': Method sun.misc.Unsafe.defineClass(Ljava/lang/String;[BII)Ljava/lang/Class; name or signature does not match> (0x00000000eab12fe0) thrown at [C:\re\workspace\8-2-build-windows-amd64-cygwin\jdk8u60\4407\hotspot\sr+á´U"¬?
Event: 0.055 Thread 0x000000000289e000 Exception <a 'java/lang/NoSuchMethodError': Method sun.misc.Unsafe.prefetchRead(Ljava/lang/Object;J)V name or signature does not match> (0x00000000eab132c8) thrown at [C:\re\workspace\8-2-build-windows-amd64-cygwin\jdk8u60\4407\hotspot\src\share\vm\prims\jiK}Ç¾lø?
Event: 1.527 Thread 0x000000000289e000 Implicit null exception at 0x0000000002f72890 to 0x0000000002f739c1

Events (10 events):
Event: 1.564 Thread 0x000000001690a800 DEOPT UNPACKING pc=0x0000000002ae787f sp=0x00000000170be158 mode 0
Event: 1.569 Thread 0x000000001691c000 DEOPT PACKING pc=0x0000000002dbc8a5 sp=0x00000000172be810
Event: 1.569 Thread 0x000000001691c000 DEOPT UNPACKING pc=0x0000000002ae787f sp=0x00000000172be5f0 mode 0
Event: 1.569 loading class com/android/dx/rop/code/RegOps
Event: 1.569 loading class com/android/dx/rop/code/RegOps done
Event: 1.570 Thread 0x000000001690a800 Uncommon trap: trap_request=0xffffff65 fr.pc=0x0000000002f7a09c
Event: 1.570 Thread 0x000000001690a800 DEOPT PACKING pc=0x0000000002f7a09c sp=0x00000000170be290
Event: 1.570 Thread 0x000000001690a800 DEOPT UNPACKING pc=0x0000000002ae582a sp=0x00000000170be238 mode 2
Event: 1.593 Thread 0x0000000016919000 DEOPT PACKING pc=0x0000000002dbca8f sp=0x00000000174be870
Event: 1.593 Thread 0x0000000016919000 DEOPT UNPACKING pc=0x0000000002ae787f sp=0x00000000174be650 mode 0


Dynamic libraries:
0x00007ff60ef20000 - 0x00007ff60ef57000 	D:\Program Files\Java\jdk1.8.0_60\bin\java.exe
0x00007ffaf3e50000 - 0x00007ffaf4011000 	C:\Windows\SYSTEM32\ntdll.dll
0x00007ffaf3320000 - 0x00007ffaf33cd000 	C:\Windows\system32\KERNEL32.DLL
0x00007ffaf1280000 - 0x00007ffaf145d000 	C:\Windows\system32\KERNELBASE.dll
0x00007ffaf3120000 - 0x00007ffaf31c6000 	C:\Windows\system32\ADVAPI32.dll
0x00007ffaf2f50000 - 0x00007ffaf2fed000 	C:\Windows\system32\msvcrt.dll
0x00007ffaf3060000 - 0x00007ffaf30bb000 	C:\Windows\system32\sechost.dll
0x00007ffaf3d20000 - 0x00007ffaf3e46000 	C:\Windows\system32\RPCRT4.dll
0x00007ffaf1730000 - 0x00007ffaf187e000 	C:\Windows\system32\USER32.dll
0x00007ffaf3530000 - 0x00007ffaf36b6000 	C:\Windows\system32\GDI32.dll
0x00007ffaecfe0000 - 0x00007ffaed254000 	C:\Windows\WinSxS\amd64_microsoft.windows.common-controls_6595b64144ccf1df_6.0.10240.16384_none_f41f7b285750ef43\COMCTL32.dll
0x00007ffaf3820000 - 0x00007ffaf3856000 	C:\Windows\system32\IMM32.DLL
0x00007ffaf33d0000 - 0x00007ffaf352c000 	C:\Windows\system32\MSCTF.dll
0x000000005bf70000 - 0x000000005c042000 	D:\Program Files\Java\jdk1.8.0_60\jre\bin\msvcr100.dll
0x000000005c3f0000 - 0x000000005cc79000 	D:\Program Files\Java\jdk1.8.0_60\jre\bin\server\jvm.dll
0x00007ffaf37a0000 - 0x00007ffaf37a8000 	C:\Windows\system32\PSAPI.DLL
0x00007ffae3f60000 - 0x00007ffae3f69000 	C:\Windows\SYSTEM32\WSOCK32.dll
0x00007ffaf2ff0000 - 0x00007ffaf3059000 	C:\Windows\system32\WS2_32.dll
0x00007ffaf3b40000 - 0x00007ffaf3b48000 	C:\Windows\system32\NSI.dll
0x00007ffaeed40000 - 0x00007ffaeed63000 	C:\Windows\SYSTEM32\WINMM.dll
0x00007ffaef4f0000 - 0x00007ffaef4fa000 	C:\Windows\SYSTEM32\VERSION.dll
0x00007ffaeece0000 - 0x00007ffaeed0c000 	C:\Windows\SYSTEM32\WINMMBASE.dll
0x00007ffaf1230000 - 0x00007ffaf1274000 	C:\Windows\system32\cfgmgr32.dll
0x00007ffaef030000 - 0x00007ffaef057000 	C:\Windows\SYSTEM32\DEVOBJ.dll
0x000000005c3e0000 - 0x000000005c3ef000 	D:\Program Files\Java\jdk1.8.0_60\jre\bin\verify.dll
0x000000005c3b0000 - 0x000000005c3d9000 	D:\Program Files\Java\jdk1.8.0_60\jre\bin\java.dll
0x000000005c390000 - 0x000000005c3a6000 	D:\Program Files\Java\jdk1.8.0_60\jre\bin\zip.dll
0x00007ffaf1880000 - 0x00007ffaf2da2000 	C:\Windows\system32\SHELL32.dll
0x00007ffaf0920000 - 0x00007ffaf0f48000 	C:\Windows\system32\windows.storage.dll
0x00007ffaf38c0000 - 0x00007ffaf3b3c000 	C:\Windows\system32\combase.dll
0x00007ffaf16d0000 - 0x00007ffaf1721000 	C:\Windows\system32\shlwapi.dll
0x00007ffaf0910000 - 0x00007ffaf091f000 	C:\Windows\system32\kernel.appcore.dll
0x00007ffaf1460000 - 0x00007ffaf1513000 	C:\Windows\system32\shcore.dll
0x00007ffaf08a0000 - 0x00007ffaf08ea000 	C:\Windows\system32\powrprof.dll
0x00007ffaf0880000 - 0x00007ffaf0893000 	C:\Windows\system32\profapi.dll

VM Arguments:
jvm_args: -Xmx1024M -Dfile.encoding=GBK -Duser.country=CN -Duser.language=zh -Duser.variant 
java_command: com.android.dx.command.Main --dex --num-threads=4 --output D:\AndroidStudioProjects\TallyManagement2\app\build\intermediates\dex\debug D:\AndroidStudioProjects\TallyManagement2\app\build\intermediates\classes\debug D:\AndroidStudioProjects\TallyManagement2\app\build\intermediates\pre-dexed\debug\support-annotations-23.0.1-9792d51791d92eddc0d9758885c1364396bdbf7e.jar D:\AndroidStudioProjects\TallyManagement2\app\build\intermediates\pre-dexed\debug\classes-59ab2655c30787b672efa77e36c50fd968268cac.jar D:\AndroidStudioProjects\TallyManagement2\app\build\intermediates\pre-dexed\debug\classes-1e28f12559ef5d71b1bbca7b5db83eed036dc1c3.jar D:\AndroidStudioProjects\TallyManagement2\app\build\intermediates\pre-dexed\debug\classes-c9fb29425e916578f9da58c1224d11c2c54cd04f.jar D:\AndroidStudioProjects\TallyManagement2\app\build\intermediates\pre-dexed\debug\internal_impl-23.0.1-51c0b27fb24364d4354a5dbe02ee70f4a303778e.jar D:\AndroidStudioProjects\TallyManagement2\app\build\intermediates\pre-dexed\debug\classes-77caca71b46faf94cd7b22ea5adc1ef78f5ee27b.jar D:\AndroidStudioProjects\TallyManagement2\app\build\intermediates\pre-dexed\debug\classes-85cae0db46e6d23141b358ea201ceb5219e741e5.jar D:\AndroidStudioProjects\TallyManagement2\app\build\intermediates\pre-dexed\debug\core-3.2.1-6db63d91b412efde686622e4d50c047dfc951072.jar D:\AndroidStudioProjects\TallyManagement2\app\build\intermediates\pre-dexed\debug\classes-5e3f87484bd71784e4cca63d7b79d28598405798.jar D:\AndroidStudioProjects\TallyManagement2\app\build\intermediates\pre-dexed\debug\baidumapapi_v3_2_0-c8df5274e4c91172da3bbb51ba95c8c8b0d83d30.jar
java_class_path (initial): D:\Android\sdk\build-tools\23.0.1\lib\dx.jar
Launcher Type: SUN_STANDARD

Environment Variables:
JAVA_HOME=D:\Program Files\Java\jdk1.8.0_60
CLASSPATH=.;D:\Program Files\Java\jdk1.8.0_60\lib\dt.jar;D:\Program Files\Java\jdk1.8.0_60\lib\tools.jar
PATH=C:\app\song\product\11.2.0\client_2;C:\app\song\product\11.2.0\client_1\BIN;D:\Program Files\Java\jdk1.8.0_60\bin;D:\Program Files\Java\jdk1.8.0_60\jre\bin;C:\Program Files (x86)\Windows Kits\8.1\Windows Performance Toolkit\;C:\Program Files\Microsoft SQL Server\110\Tools\Binn\
USERNAME=song
OS=Windows_NT
PROCESSOR_IDENTIFIER=Intel64 Family 6 Model 61 Stepping 4, GenuineIntel



---------------  S Y S T E M  ---------------

OS: Windows 10.0 , 64 bit Build 10240 (10.0.10240.16384)

CPU:total 4 (2 cores per cpu, 2 threads per core) family 6 model 61 stepping 4, cmov, cx8, fxsr, mmx, sse, sse2, sse3, ssse3, sse4.1, sse4.2, popcnt, avx, avx2, clmul, erms, 3dnowpref, lzcnt, ht, tsc, tscinvbit, bmi1, bmi2, adx

Memory: 4k page, physical 8077272k(1376556k free), swap 23834992k(5944k free)

vm_info: Java HotSpot(TM) 64-Bit Server VM (25.60-b23) for windows-amd64 JRE (1.8.0_60-b27), built on Aug  4 2015 11:06:27 by "java_re" with MS VC++ 10.0 (VS2010)

time: Thu Oct 08 13:09:00 2015
elapsed time: 1 seconds (0d 0h 0m 1s)

