#
# There is insufficient memory for the Java Runtime Environment to continue.
# Native memory allocation (malloc) failed to allocate 32744 bytes for ChunkPool::allocate
# Possible reasons:
#   The system is out of physical RAM or swap space
#   In 32 bit mode, the process size limit was hit
# Possible solutions:
#   Reduce memory load on the system
#   Increase physical memory or swap space
#   Check if swap backing store is full
#   Use 64 bit Java on a 64 bit OS
#   Decrease Java heap size (-Xmx/-Xms)
#   Decrease number of Java threads
#   Decrease Java thread stack sizes (-Xss)
#   Set larger code cache with -XX:ReservedCodeCacheSize=
# This output file may be truncated or incomplete.
#
#  Out of Memory Error (allocation.cpp:273), pid=120608, tid=101092
#
# JRE version: Java(TM) SE Runtime Environment (8.0_60-b27) (build 1.8.0_60-b27)
# Java VM: Java HotSpot(TM) 64-Bit Server VM (25.60-b23 mixed mode windows-amd64 compressed oops)
# Failed to write core dump. Minidumps are not enabled by default on client versions of Windows
#

---------------  T H R E A D  ---------------

Current thread (0x000000001516d800):  JavaThread "C2 CompilerThread1" daemon [_thread_in_native, id=101092, stack(0x0000000016bc0000,0x0000000016cc0000)]

Stack: [0x0000000016bc0000,0x0000000016cc0000]
[error occurred during error reporting (printing stack bounds), id 0xc0000005]

Native frames: (J=compiled Java code, j=interpreted, Vv=VM code, C=native code)


Current CompileTask:
C2:  10017 2201       4       com.android.dx.ssa.SsaConverter::placePhiFunctions (394 bytes)


---------------  P R O C E S S  ---------------

Java Threads: ( => current thread )
  0x0000000016a57800 JavaThread "pool-2-thread-4" [_thread_in_Java, id=140648, stack(0x00000000173c0000,0x00000000174c0000)]
  0x0000000016a5b800 JavaThread "pool-2-thread-3" [_thread_in_Java, id=115852, stack(0x00000000172c0000,0x00000000173c0000)]
  0x0000000016a4b000 JavaThread "pool-2-thread-2" [_thread_in_Java, id=17544, stack(0x00000000171c0000,0x00000000172c0000)]
  0x0000000016a48000 JavaThread "pool-3-thread-1" [_thread_blocked, id=91432, stack(0x00000000170c0000,0x00000000171c0000)]
  0x0000000016a3e000 JavaThread "pool-2-thread-1" [_thread_in_Java, id=126332, stack(0x0000000016fc0000,0x00000000170c0000)]
  0x000000001684b000 JavaThread "Service Thread" daemon [_thread_blocked, id=110124, stack(0x0000000016dc0000,0x0000000016ec0000)]
  0x000000001680e800 JavaThread "C1 CompilerThread2" daemon [_thread_blocked, id=107844, stack(0x0000000016cc0000,0x0000000016dc0000)]
=>0x000000001516d800 JavaThread "C2 CompilerThread1" daemon [_thread_in_native, id=101092, stack(0x0000000016bc0000,0x0000000016cc0000)]
  0x000000001516a000 JavaThread "C2 CompilerThread0" daemon [_thread_in_native, id=136972, stack(0x00000000166c0000,0x00000000167c0000)]
  0x000000001511d800 JavaThread "Attach Listener" daemon [_thread_blocked, id=139848, stack(0x00000000165c0000,0x00000000166c0000)]
  0x0000000015107800 JavaThread "Signal Dispatcher" daemon [_thread_blocked, id=90028, stack(0x00000000164c0000,0x00000000165c0000)]
  0x0000000002a36000 JavaThread "Finalizer" daemon [_thread_blocked, id=128088, stack(0x0000000016360000,0x0000000016460000)]
  0x0000000002a2d000 JavaThread "Reference Handler" daemon [_thread_blocked, id=15392, stack(0x0000000016260000,0x0000000016360000)]
  0x0000000000c6d800 JavaThread "main" [_thread_in_Java, id=134496, stack(0x0000000002840000,0x0000000002940000)]

Other Threads:
  0x00000000150d7800 VMThread [stack: 0x0000000016160000,0x0000000016260000] [id=133000]
  0x0000000016892000 WatcherThread [stack: 0x0000000016ec0000,0x0000000016fc0000] [id=109708]

VM state:not at safepoint (normal execution)

VM Mutex/Monitor currently owned by a thread: None

Heap:
 PSYoungGen      total 279040K, used 106229K [0x00000000eab00000, 0x00000000fda00000, 0x0000000100000000)
  eden space 250880K, 35% used [0x00000000eab00000,0x00000000f02d6a08,0x00000000fa000000)
  from space 28160K, 57% used [0x00000000fa000000,0x00000000fafe6d18,0x00000000fbb80000)
  to   space 25088K, 0% used [0x00000000fbb80000,0x00000000fbb80000,0x00000000fd400000)
 ParOldGen       total 84992K, used 84900K [0x00000000c0000000, 0x00000000c5300000, 0x00000000eab00000)
  object space 84992K, 99% used [0x00000000c0000000,0x00000000c52e9038,0x00000000c5300000)
 Metaspace       used 6603K, capacity 7320K, committed 7680K, reserved 1056768K
  class space    used 627K, capacity 656K, committed 768K, reserved 1048576K

Card table byte_map: [0x0000000011e00000,0x0000000012010000] byte_map_base: 0x0000000011800000

Marking Bits: (ParMarkBitMap*) 0x000000005cbfa5b0
 Begin Bits: [0x0000000012570000, 0x0000000013570000)
 End Bits:   [0x0000000013570000, 0x0000000014570000)

Polling page: 0x00000000008d0000

CodeCache: size=245760Kb used=9620Kb max_used=9620Kb free=236139Kb
 bounds [0x0000000002a40000, 0x00000000033b0000, 0x0000000011a40000]
 total_blobs=2408 nmethods=2136 adapters=184
 compilation: enabled

Compilation events (10 events):
Event: 9.948 Thread 0x000000001680e800 2232       2       java.util.HashMap$TreeNode::balanceInsertion (245 bytes)
Event: 9.948 Thread 0x000000001680e800 nmethod 2232 0x00000000033aaf10 code [0x00000000033ab100, 0x00000000033ab6d8]
Event: 9.949 Thread 0x000000001680e800 2233       2       com.android.dx.rop.code.RegisterSpec::compareTo (9 bytes)
Event: 9.949 Thread 0x000000001680e800 nmethod 2233 0x00000000033abc90 code [0x00000000033abe00, 0x00000000033abfa8]
Event: 9.955 Thread 0x000000001680e800 2234       2       com.android.dx.dex.file.AnnotationUtils::makeCstArray (57 bytes)
Event: 9.956 Thread 0x000000001680e800 nmethod 2234 0x00000000033ac050 code [0x00000000033ac240, 0x00000000033ac958]
Event: 9.969 Thread 0x000000001680e800 2235       2       com.android.dx.ssa.SsaMethod::makeExitBlock (134 bytes)
Event: 9.970 Thread 0x000000001680e800 nmethod 2235 0x00000000033ad190 code [0x00000000033ad380, 0x00000000033ad988]
Event: 9.975 Thread 0x000000001680e800 2236       1       com.android.dx.cf.direct.DirectClassFile$DcfTypeList::isMutable (2 bytes)
Event: 9.975 Thread 0x000000001680e800 nmethod 2236 0x00000000033aded0 code [0x00000000033ae020, 0x00000000033ae130]

GC Heap History (10 events):
Event: 3.364 GC heap before
{Heap before GC invocations=4 (full 0):
 PSYoungGen      total 68608K, used 68591K [0x00000000eab00000, 0x00000000f3100000, 0x0000000100000000)
  eden space 63488K, 100% used [0x00000000eab00000,0x00000000ee900000,0x00000000ee900000)
  from space 5120K, 99% used [0x00000000ee900000,0x00000000eedfbd58,0x00000000eee00000)
  to   space 5120K, 0% used [0x00000000f2c00000,0x00000000f2c00000,0x00000000f3100000)
 ParOldGen       total 84992K, used 15991K [0x00000000c0000000, 0x00000000c5300000, 0x00000000eab00000)
  object space 84992K, 18% used [0x00000000c0000000,0x00000000c0f9de70,0x00000000c5300000)
 Metaspace       used 6368K, capacity 7192K, committed 7424K, reserved 1056768K
  class space    used 620K, capacity 656K, committed 768K, reserved 1048576K
Event: 3.396 GC heap after
Heap after GC invocations=4 (full 0):
 PSYoungGen      total 132096K, used 5099K [0x00000000eab00000, 0x00000000f3100000, 0x0000000100000000)
  eden space 126976K, 0% used [0x00000000eab00000,0x00000000eab00000,0x00000000f2700000)
  from space 5120K, 99% used [0x00000000f2c00000,0x00000000f30faf18,0x00000000f3100000)
  to   space 5120K, 0% used [0x00000000f2700000,0x00000000f2700000,0x00000000f2c00000)
 ParOldGen       total 84992K, used 25711K [0x00000000c0000000, 0x00000000c5300000, 0x00000000eab00000)
  object space 84992K, 30% used [0x00000000c0000000,0x00000000c191bdd0,0x00000000c5300000)
 Metaspace       used 6368K, capacity 7192K, committed 7424K, reserved 1056768K
  class space    used 620K, capacity 656K, committed 768K, reserved 1048576K
}
Event: 4.449 GC heap before
{Heap before GC invocations=5 (full 0):
 PSYoungGen      total 132096K, used 132075K [0x00000000eab00000, 0x00000000f3100000, 0x0000000100000000)
  eden space 126976K, 100% used [0x00000000eab00000,0x00000000f2700000,0x00000000f2700000)
  from space 5120K, 99% used [0x00000000f2c00000,0x00000000f30faf18,0x00000000f3100000)
  to   space 5120K, 0% used [0x00000000f2700000,0x00000000f2700000,0x00000000f2c00000)
 ParOldGen       total 84992K, used 25711K [0x00000000c0000000, 0x00000000c5300000, 0x00000000eab00000)
  object space 84992K, 30% used [0x00000000c0000000,0x00000000c191bdd0,0x00000000c5300000)
 Metaspace       used 6432K, capacity 7256K, committed 7424K, reserved 1056768K
  class space    used 620K, capacity 656K, committed 768K, reserved 1048576K
Event: 4.513 GC heap after
Heap after GC invocations=5 (full 0):
 PSYoungGen      total 132096K, used 5105K [0x00000000eab00000, 0x00000000fd400000, 0x0000000100000000)
  eden space 126976K, 0% used [0x00000000eab00000,0x00000000eab00000,0x00000000f2700000)
  from space 5120K, 99% used [0x00000000f2700000,0x00000000f2bfc580,0x00000000f2c00000)
  to   space 25088K, 0% used [0x00000000fbb80000,0x00000000fbb80000,0x00000000fd400000)
 ParOldGen       total 84992K, used 44555K [0x00000000c0000000, 0x00000000c5300000, 0x00000000eab00000)
  object space 84992K, 52% used [0x00000000c0000000,0x00000000c2b82d70,0x00000000c5300000)
 Metaspace       used 6432K, capacity 7256K, committed 7424K, reserved 1056768K
  class space    used 620K, capacity 656K, committed 768K, reserved 1048576K
}
Event: 5.611 GC heap before
{Heap before GC invocations=6 (full 0):
 PSYoungGen      total 132096K, used 132081K [0x00000000eab00000, 0x00000000fd400000, 0x0000000100000000)
  eden space 126976K, 100% used [0x00000000eab00000,0x00000000f2700000,0x00000000f2700000)
  from space 5120K, 99% used [0x00000000f2700000,0x00000000f2bfc580,0x00000000f2c00000)
  to   space 25088K, 0% used [0x00000000fbb80000,0x00000000fbb80000,0x00000000fd400000)
 ParOldGen       total 84992K, used 44555K [0x00000000c0000000, 0x00000000c5300000, 0x00000000eab00000)
  object space 84992K, 52% used [0x00000000c0000000,0x00000000c2b82d70,0x00000000c5300000)
 Metaspace       used 6535K, capacity 7256K, committed 7424K, reserved 1056768K
  class space    used 627K, capacity 656K, committed 768K, reserved 1048576K
Event: 5.688 GC heap after
Heap after GC invocations=6 (full 0):
 PSYoungGen      total 275968K, used 21968K [0x00000000eab00000, 0x00000000fda00000, 0x0000000100000000)
  eden space 250880K, 0% used [0x00000000eab00000,0x00000000eab00000,0x00000000fa000000)
  from space 25088K, 87% used [0x00000000fbb80000,0x00000000fd0f40b8,0x00000000fd400000)
  to   space 28160K, 0% used [0x00000000fa000000,0x00000000fa000000,0x00000000fbb80000)
 ParOldGen       total 84992K, used 44555K [0x00000000c0000000, 0x00000000c5300000, 0x00000000eab00000)
  object space 84992K, 52% used [0x00000000c0000000,0x00000000c2b82d70,0x00000000c5300000)
 Metaspace       used 6535K, capacity 7256K, committed 7424K, reserved 1056768K
  class space    used 627K, capacity 656K, committed 768K, reserved 1048576K
}
Event: 7.436 GC heap before
{Heap before GC invocations=7 (full 0):
 PSYoungGen      total 275968K, used 272848K [0x00000000eab00000, 0x00000000fda00000, 0x0000000100000000)
  eden space 250880K, 100% used [0x00000000eab00000,0x00000000fa000000,0x00000000fa000000)
  from space 25088K, 87% used [0x00000000fbb80000,0x00000000fd0f40b8,0x00000000fd400000)
  to   space 28160K, 0% used [0x00000000fa000000,0x00000000fa000000,0x00000000fbb80000)
 ParOldGen       total 84992K, used 44555K [0x00000000c0000000, 0x00000000c5300000, 0x00000000eab00000)
  object space 84992K, 52% used [0x00000000c0000000,0x00000000c2b82d70,0x00000000c5300000)
 Metaspace       used 6595K, capacity 7256K, committed 7424K, reserved 1056768K
  class space    used 627K, capacity 656K, committed 768K, reserved 1048576K
Event: 7.621 GC heap after
Heap after GC invocations=7 (full 0):
 PSYoungGen      total 279040K, used 28134K [0x00000000eab00000, 0x00000000fda00000, 0x0000000100000000)
  eden space 250880K, 0% used [0x00000000eab00000,0x00000000eab00000,0x00000000fa000000)
  from space 28160K, 99% used [0x00000000fa000000,0x00000000fbb79888,0x00000000fbb80000)
  to   space 25088K, 0% used [0x00000000fbb80000,0x00000000fbb80000,0x00000000fd400000)
 ParOldGen       total 84992K, used 80011K [0x00000000c0000000, 0x00000000c5300000, 0x00000000eab00000)
  object space 84992K, 94% used [0x00000000c0000000,0x00000000c4e22c58,0x00000000c5300000)
 Metaspace       used 6595K, capacity 7256K, committed 7424K, reserved 1056768K
  class space    used 627K, capacity 656K, committed 768K, reserved 1048576K
}
Event: 7.621 GC heap before
{Heap before GC invocations=8 (full 1):
 PSYoungGen      total 279040K, used 28134K [0x00000000eab00000, 0x00000000fda00000, 0x0000000100000000)
  eden space 250880K, 0% used [0x00000000eab00000,0x00000000eab00000,0x00000000fa000000)
  from space 28160K, 99% used [0x00000000fa000000,0x00000000fbb79888,0x00000000fbb80000)
  to   space 25088K, 0% used [0x00000000fbb80000,0x00000000fbb80000,0x00000000fd400000)
 ParOldGen       total 84992K, used 80011K [0x00000000c0000000, 0x00000000c5300000, 0x00000000eab00000)
  object space 84992K, 94% used [0x00000000c0000000,0x00000000c4e22c58,0x00000000c5300000)
 Metaspace       used 6595K, capacity 7256K, committed 7424K, reserved 1056768K
  class space    used 627K, capacity 656K, committed 768K, reserved 1048576K
Event: 9.529 GC heap after
Heap after GC invocations=8 (full 1):
 PSYoungGen      total 279040K, used 16283K [0x00000000eab00000, 0x00000000fda00000, 0x0000000100000000)
  eden space 250880K, 0% used [0x00000000eab00000,0x00000000eab00000,0x00000000fa000000)
  from space 28160K, 57% used [0x00000000fa000000,0x00000000fafe6d18,0x00000000fbb80000)
  to   space 25088K, 0% used [0x00000000fbb80000,0x00000000fbb80000,0x00000000fd400000)
 ParOldGen       total 84992K, used 84900K [0x00000000c0000000, 0x00000000c5300000, 0x00000000eab00000)
  object space 84992K, 99% used [0x00000000c0000000,0x00000000c52e9038,0x00000000c5300000)
 Metaspace       used 6595K, capacity 7256K, committed 7424K, reserved 1056768K
  class space    used 627K, capacity 656K, committed 768K, reserved 1048576K
}

Deoptimization events (10 events):
Event: 5.552 Thread 0x0000000016a57800 Uncommon trap: reason=bimorphic action=maybe_recompile pc=0x00000000031d0144 method=com.android.dx.cf.code.OneLocalsArray.set(ILcom/android/dx/rop/type/TypeBearer;)V @ 85
Event: 5.593 Thread 0x0000000000c6d800 Uncommon trap: reason=unstable_if action=reinterpret pc=0x000000000323ff38 method=com.android.dx.ssa.SCCP.simulateBranch(Lcom/android/dx/ssa/SsaInsn;)V @ 548
Event: 5.768 Thread 0x0000000016a57800 Uncommon trap: reason=unstable_if action=reinterpret pc=0x000000000301a4f8 method=com.android.dx.rop.code.RegisterSpecSet.<init>(I)V @ 2
Event: 5.799 Thread 0x0000000000c6d800 Uncommon trap: reason=unstable_if action=reinterpret pc=0x00000000032997b0 method=com.android.dx.cf.code.RopperMachine.run(Lcom/android/dx/cf/code/Frame;II)V @ 356
Event: 5.902 Thread 0x0000000016a4b000 Uncommon trap: reason=unstable_if action=reinterpret pc=0x0000000002e216f0 method=com.android.dx.ssa.SsaMethod.getExitBlock()Lcom/android/dx/ssa/SsaBasicBlock; @ 4
Event: 5.902 Thread 0x0000000016a4b000 Uncommon trap: reason=unstable_if action=reinterpret pc=0x0000000002cfd074 method=com.android.dx.ssa.SsaMethod.getExitBlock()Lcom/android/dx/ssa/SsaBasicBlock; @ 4
Event: 6.463 Thread 0x0000000016a3e000 Uncommon trap: reason=unstable_if action=reinterpret pc=0x0000000002d58990 method=com.android.dx.rop.code.RegisterSpec.equals(ILcom/android/dx/rop/type/TypeBearer;Lcom/android/dx/rop/code/LocalItem;)Z @ 42
Event: 9.725 Thread 0x0000000016a4b000 Uncommon trap: reason=bimorphic action=maybe_recompile pc=0x0000000003396138 method=com.android.dx.ssa.LiteralOpUpgrader.tryReplacingWithConstant(Lcom/android/dx/ssa/NormalSsaInsn;)Z @ 62
Event: 9.730 Thread 0x0000000016a4b000 Uncommon trap: reason=bimorphic action=maybe_recompile pc=0x0000000003396138 method=com.android.dx.ssa.LiteralOpUpgrader.tryReplacingWithConstant(Lcom/android/dx/ssa/NormalSsaInsn;)Z @ 62
Event: 9.943 Thread 0x0000000016a5b800 Uncommon trap: reason=unstable_if action=reinterpret pc=0x0000000003370218 method=com.android.dx.rop.code.LocalItem.compareHandlesNulls(Lcom/android/dx/rop/cst/CstString;Lcom/android/dx/rop/cst/CstString;)I @ 14

Internal exceptions (7 events):
Event: 0.070 Thread 0x0000000000c6d800 Exception <a 'java/lang/NoSuchMethodError': Method sun.misc.Unsafe.defineClass(Ljava/lang/String;[BII)Ljava/lang/Class; name or signature does not match> (0x00000000eab13068) thrown at [C:\re\workspace\8-2-build-windows-amd64-cygwin\jdk8u60\4407\hotspot\srª
"î±?
Event: 0.070 Thread 0x0000000000c6d800 Exception <a 'java/lang/NoSuchMethodError': Method sun.misc.Unsafe.prefetchRead(Ljava/lang/Object;J)V name or signature does not match> (0x00000000eab13350) thrown at [C:\re\workspace\8-2-build-windows-amd64-cygwin\jdk8u60\4407\hotspot\src\share\vm\prims\jV¦ÒÛ11ò?
Event: 1.137 Thread 0x0000000016a57800 Implicit null exception at 0x0000000002d2fee2 to 0x0000000002d2ffda
Event: 2.270 Thread 0x0000000016a4b000 Exception <a 'java/lang/ArrayIndexOutOfBoundsException': 18> (0x00000000ec8189f8) thrown at [C:\re\workspace\8-2-build-windows-amd64-cygwin\jdk8u60\4407\hotspot\src\share\vm\interpreter\interpreterRuntime.cpp, line 366]
Event: 2.271 Thread 0x0000000016a4b000 Exception <a 'java/lang/ArrayIndexOutOfBoundsException'> (0x00000000ec81a578) thrown at [C:\re\workspace\8-2-build-windows-amd64-cygwin\jdk8u60\4407\hotspot\src\share\vm\runtime\sharedRuntime.cpp, line 605]
Event: 2.272 Thread 0x0000000016a4b000 Exception <a 'java/lang/ArrayIndexOutOfBoundsException'> (0x00000000ec81b860) thrown at [C:\re\workspace\8-2-build-windows-amd64-cygwin\jdk8u60\4407\hotspot\src\share\vm\runtime\sharedRuntime.cpp, line 605]
Event: 9.943 Thread 0x0000000016a5b800 Implicit null exception at 0x000000000336e632 to 0x00000000033701ed

Events (10 events):
Event: 9.855 Thread 0x0000000016a4b000 DEOPT UNPACKING pc=0x0000000002a8787f sp=0x00000000172bec70 mode 0
Event: 9.943 Thread 0x0000000016a5b800 Uncommon trap: trap_request=0xffffff65 fr.pc=0x0000000003370218
Event: 9.943 Thread 0x0000000016a5b800 DEOPT PACKING pc=0x0000000003370218 sp=0x00000000173bebb0
Event: 9.943 Thread 0x0000000016a5b800 DEOPT UNPACKING pc=0x0000000002a8582a sp=0x00000000173be9a8 mode 2
Event: 9.945 Thread 0x0000000016a57800 DEOPT PACKING pc=0x0000000002ec0249 sp=0x00000000174bed50
Event: 9.945 Thread 0x0000000016a57800 DEOPT UNPACKING pc=0x0000000002a8787f sp=0x00000000174beb80 mode 0
Event: 9.969 Thread 0x0000000016a4b000 DEOPT PACKING pc=0x0000000002edd571 sp=0x00000000172bef10
Event: 9.969 Thread 0x0000000016a4b000 DEOPT UNPACKING pc=0x0000000002a8787f sp=0x00000000172bec78 mode 0
Event: 9.979 Thread 0x0000000016a57800 DEOPT PACKING pc=0x0000000002ec0249 sp=0x00000000174bed50
Event: 9.979 Thread 0x0000000016a57800 DEOPT UNPACKING pc=0x0000000002a8787f sp=0x00000000174beb80 mode 0


Dynamic libraries:
0x00007ff60ef20000 - 0x00007ff60ef57000 	D:\Program Files\Java\jdk1.8.0_60\bin\java.exe
0x00007ffaf3e50000 - 0x00007ffaf4011000 	C:\Windows\SYSTEM32\ntdll.dll
0x00007ffaf3320000 - 0x00007ffaf33cd000 	C:\Windows\system32\KERNEL32.DLL
0x00007ffaf1280000 - 0x00007ffaf145d000 	C:\Windows\system32\KERNELBASE.dll
0x00007ffaf3120000 - 0x00007ffaf31c6000 	C:\Windows\system32\ADVAPI32.dll
0x00007ffaf2f50000 - 0x00007ffaf2fed000 	C:\Windows\system32\msvcrt.dll
0x00007ffaf3060000 - 0x00007ffaf30bb000 	C:\Windows\system32\sechost.dll
0x00007ffaf3d20000 - 0x00007ffaf3e46000 	C:\Windows\system32\RPCRT4.dll
0x00007ffaf1730000 - 0x00007ffaf187e000 	C:\Windows\system32\USER32.dll
0x00007ffaf3530000 - 0x00007ffaf36b6000 	C:\Windows\system32\GDI32.dll
0x00007ffaecfe0000 - 0x00007ffaed254000 	C:\Windows\WinSxS\amd64_microsoft.windows.common-controls_6595b64144ccf1df_6.0.10240.16384_none_f41f7b285750ef43\COMCTL32.dll
0x00007ffaf3820000 - 0x00007ffaf3856000 	C:\Windows\system32\IMM32.DLL
0x00007ffaf33d0000 - 0x00007ffaf352c000 	C:\Windows\system32\MSCTF.dll
0x000000005bf70000 - 0x000000005c042000 	D:\Program Files\Java\jdk1.8.0_60\jre\bin\msvcr100.dll
0x000000005c3f0000 - 0x000000005cc79000 	D:\Program Files\Java\jdk1.8.0_60\jre\bin\server\jvm.dll
0x00007ffaf37a0000 - 0x00007ffaf37a8000 	C:\Windows\system32\PSAPI.DLL
0x00007ffae3f60000 - 0x00007ffae3f69000 	C:\Windows\SYSTEM32\WSOCK32.dll
0x00007ffaeed40000 - 0x00007ffaeed63000 	C:\Windows\SYSTEM32\WINMM.dll
0x00007ffaef4f0000 - 0x00007ffaef4fa000 	C:\Windows\SYSTEM32\VERSION.dll
0x00007ffaeece0000 - 0x00007ffaeed0c000 	C:\Windows\SYSTEM32\WINMMBASE.dll
0x00007ffaf2ff0000 - 0x00007ffaf3059000 	C:\Windows\system32\WS2_32.dll
0x00007ffaf3b40000 - 0x00007ffaf3b48000 	C:\Windows\system32\NSI.dll
0x00007ffaf1230000 - 0x00007ffaf1274000 	C:\Windows\system32\cfgmgr32.dll
0x00007ffaef030000 - 0x00007ffaef057000 	C:\Windows\SYSTEM32\DEVOBJ.dll
0x000000005c3e0000 - 0x000000005c3ef000 	D:\Program Files\Java\jdk1.8.0_60\jre\bin\verify.dll
0x000000005c3b0000 - 0x000000005c3d9000 	D:\Program Files\Java\jdk1.8.0_60\jre\bin\java.dll
0x000000005c390000 - 0x000000005c3a6000 	D:\Program Files\Java\jdk1.8.0_60\jre\bin\zip.dll
0x00007ffaf1880000 - 0x00007ffaf2da2000 	C:\Windows\system32\SHELL32.dll
0x00007ffaf0920000 - 0x00007ffaf0f48000 	C:\Windows\system32\windows.storage.dll
0x00007ffaf38c0000 - 0x00007ffaf3b3c000 	C:\Windows\system32\combase.dll
0x00007ffaf16d0000 - 0x00007ffaf1721000 	C:\Windows\system32\shlwapi.dll
0x00007ffaf0910000 - 0x00007ffaf091f000 	C:\Windows\system32\kernel.appcore.dll
0x00007ffaf1460000 - 0x00007ffaf1513000 	C:\Windows\system32\shcore.dll
0x00007ffaf08a0000 - 0x00007ffaf08ea000 	C:\Windows\system32\powrprof.dll
0x00007ffaf0880000 - 0x00007ffaf0893000 	C:\Windows\system32\profapi.dll

VM Arguments:
jvm_args: -Xmx1024M -Dfile.encoding=GBK -Duser.country=CN -Duser.language=zh -Duser.variant 
java_command: com.android.dx.command.Main --dex --num-threads=4 --multi-dex --main-dex-list D:\AndroidStudioProjects\TallyManagement2\app\build\intermediates\multi-dex\debug\maindexlist.txt --output D:\AndroidStudioProjects\TallyManagement2\app\build\intermediates\dex\debug D:\AndroidStudioProjects\TallyManagement2\app\build\intermediates\multi-dex\debug\allclasses.jar
java_class_path (initial): D:\Android\sdk\build-tools\23.0.1\lib\dx.jar
Launcher Type: SUN_STANDARD

Environment Variables:
JAVA_HOME=D:\Program Files\Java\jdk1.8.0_60
CLASSPATH=.;D:\Program Files\Java\jdk1.8.0_60\lib\dt.jar;D:\Program Files\Java\jdk1.8.0_60\lib\tools.jar
PATH=C:\app\song\product\11.2.0\client_2;C:\app\song\product\11.2.0\client_1\BIN;D:\Program Files\Java\jdk1.8.0_60\bin;D:\Program Files\Java\jdk1.8.0_60\jre\bin;C:\Program Files (x86)\Windows Kits\8.1\Windows Performance Toolkit\;C:\Program Files\Microsoft SQL Server\110\Tools\Binn\
USERNAME=song
OS=Windows_NT
PROCESSOR_IDENTIFIER=Intel64 Family 6 Model 61 Stepping 4, GenuineIntel



---------------  S Y S T E M  ---------------

OS: Windows 10.0 , 64 bit Build 10240 (10.0.10240.16384)

CPU:total 4 (2 cores per cpu, 2 threads per core) family 6 model 61 stepping 4, cmov, cx8, fxsr, mmx, sse, sse2, sse3, ssse3, sse4.1, sse4.2, popcnt, avx, avx2, clmul, erms, 3dnowpref, lzcnt, ht, tsc, tscinvbit, bmi1, bmi2, adx

Memory: 4k page, physical 8077272k(1373932k free), swap 23834992k(4408k free)

vm_info: Java HotSpot(TM) 64-Bit Server VM (25.60-b23) for windows-amd64 JRE (1.8.0_60-b27), built on Aug  4 2015 11:06:27 by "java_re" with MS VC++ 10.0 (VS2010)

time: Thu Oct 08 13:17:33 2015
elapsed time: 10 seconds (0d 0h 0m 10s)

