#
# There is insufficient memory for the Java Runtime Environment to continue.
# Native memory allocation (malloc) failed to allocate 266416 bytes for Chunk::new
# Possible reasons:
#   The system is out of physical RAM or swap space
#   In 32 bit mode, the process size limit was hit
# Possible solutions:
#   Reduce memory load on the system
#   Increase physical memory or swap space
#   Check if swap backing store is full
#   Use 64 bit Java on a 64 bit OS
#   Decrease Java heap size (-Xmx/-Xms)
#   Decrease number of Java threads
#   Decrease Java thread stack sizes (-Xss)
#   Set larger code cache with -XX:ReservedCodeCacheSize=
# This output file may be truncated or incomplete.
#
#  Out of Memory Error (allocation.cpp:390), pid=10272, tid=134192
#
# JRE version: Java(TM) SE Runtime Environment (8.0_60-b27) (build 1.8.0_60-b27)
# Java VM: Java HotSpot(TM) 64-Bit Server VM (25.60-b23 mixed mode windows-amd64 compressed oops)
# Failed to write core dump. Minidumps are not enabled by default on client versions of Windows
#

---------------  T H R E A D  ---------------

Current thread (0x00000000168e0800):  JavaThread "C2 CompilerThread1" daemon [_thread_in_native, id=134192, stack(0x0000000016ce0000,0x0000000016de0000)]

Stack: [0x0000000016ce0000,0x0000000016de0000]
[error occurred during error reporting (printing stack bounds), id 0xc0000005]

Native frames: (J=compiled Java code, j=interpreted, Vv=VM code, C=native code)


Current CompileTask:
C2:   4979 3058       4       com.android.dex.Dex$Section::readClassDef (78 bytes)


---------------  P R O C E S S  ---------------

Java Threads: ( => current thread )
  0x0000000016968800 JavaThread "Service Thread" daemon [_thread_blocked, id=5512, stack(0x0000000016ee0000,0x0000000016fe0000)]
  0x0000000016911800 JavaThread "C1 CompilerThread2" daemon [_thread_blocked, id=101292, stack(0x0000000016de0000,0x0000000016ee0000)]
=>0x00000000168e0800 JavaThread "C2 CompilerThread1" daemon [_thread_in_native, id=134192, stack(0x0000000016ce0000,0x0000000016de0000)]
  0x000000001528c000 JavaThread "C2 CompilerThread0" daemon [_thread_in_native, id=93484, stack(0x00000000167e0000,0x00000000168e0000)]
  0x0000000015241000 JavaThread "Attach Listener" daemon [_thread_blocked, id=132676, stack(0x00000000166e0000,0x00000000167e0000)]
  0x0000000015240000 JavaThread "Signal Dispatcher" daemon [_thread_blocked, id=138208, stack(0x00000000165e0000,0x00000000166e0000)]
  0x00000000151f9000 JavaThread "Finalizer" daemon [_thread_blocked, id=3596, stack(0x0000000016480000,0x0000000016580000)]
  0x0000000002b50800 JavaThread "Reference Handler" daemon [_thread_blocked, id=85048, stack(0x0000000016380000,0x0000000016480000)]
  0x000000000250e000 JavaThread "main" [_thread_in_Java, id=112156, stack(0x0000000002960000,0x0000000002a60000)]

Other Threads:
  0x00000000151f7000 VMThread [stack: 0x0000000016280000,0x0000000016380000] [id=123336]
  0x00000000169b0800 WatcherThread [stack: 0x0000000016fe0000,0x00000000170e0000] [id=93200]

VM state:not at safepoint (normal execution)

VM Mutex/Monitor currently owned by a thread: None

Heap:
 PSYoungGen      total 36864K, used 34294K [0x00000000eab00000, 0x00000000ed400000, 0x0000000100000000)
  eden space 31744K, 91% used [0x00000000eab00000,0x00000000ec77de70,0x00000000eca00000)
  from space 5120K, 99% used [0x00000000ecf00000,0x00000000ed3ffca0,0x00000000ed400000)
  to   space 5120K, 0% used [0x00000000eca00000,0x00000000eca00000,0x00000000ecf00000)
 ParOldGen       total 84992K, used 23460K [0x00000000c0000000, 0x00000000c5300000, 0x00000000eab00000)
  object space 84992K, 27% used [0x00000000c0000000,0x00000000c16e9048,0x00000000c5300000)
 Metaspace       used 8296K, capacity 8394K, committed 8576K, reserved 1056768K
  class space    used 791K, capacity 818K, committed 896K, reserved 1048576K

Card table byte_map: [0x0000000011f20000,0x0000000012130000] byte_map_base: 0x0000000011920000

Marking Bits: (ParMarkBitMap*) 0x000000005cbfa5b0
 Begin Bits: [0x0000000012690000, 0x0000000013690000)
 End Bits:   [0x0000000013690000, 0x0000000014690000)

Polling page: 0x0000000000d20000

CodeCache: size=245760Kb used=10713Kb max_used=10721Kb free=235046Kb
 bounds [0x0000000002b60000, 0x00000000035f0000, 0x0000000011b60000]
 total_blobs=3340 nmethods=3044 adapters=208
 compilation: enabled

Compilation events (10 events):
Event: 4.952 Thread 0x000000001528c000 nmethod 3055 0x00000000035d77d0 code [0x00000000035d7960, 0x00000000035d7ea8]
Event: 4.952 Thread 0x000000001528c000 3053       4       com.android.dx.merge.DexMerger$3::write (9 bytes)
Event: 4.964 Thread 0x00000000168e0800 nmethod 3054 0x00000000035e1d90 code [0x00000000035e1ee0, 0x00000000035e2578]
Event: 4.966 Thread 0x000000001528c000 nmethod 3053 0x00000000035e2bd0 code [0x00000000035e2d40, 0x00000000035e33f8]
Event: 4.967 Thread 0x00000000168e0800 3058       4       com.android.dex.Dex$Section::readClassDef (78 bytes)
Event: 4.967 Thread 0x000000001528c000 3059       4       com.android.dx.merge.SortableType::tryAssignDepth (134 bytes)
Event: 4.968 Thread 0x0000000016911800 3061       3       java.util.TimSort::mergeCollapse (101 bytes)
Event: 4.968 Thread 0x0000000016911800 nmethod 3061 0x00000000035d9590 code [0x00000000035d9720, 0x00000000035d9b38]
Event: 4.970 Thread 0x0000000016911800 3063       3       java.util.TimSort::ensureCapacity (107 bytes)
Event: 4.971 Thread 0x0000000016911800 nmethod 3063 0x00000000035d8c50 code [0x00000000035d8de0, 0x00000000035d93b8]

GC Heap History (10 events):
Event: 1.930 GC heap before
{Heap before GC invocations=2 (full 0):
 PSYoungGen      total 36864K, used 36848K [0x00000000eab00000, 0x00000000ed400000, 0x0000000100000000)
  eden space 31744K, 100% used [0x00000000eab00000,0x00000000eca00000,0x00000000eca00000)
  from space 5120K, 99% used [0x00000000eca00000,0x00000000ecefc020,0x00000000ecf00000)
  to   space 5120K, 0% used [0x00000000ecf00000,0x00000000ecf00000,0x00000000ed400000)
 ParOldGen       total 84992K, used 2021K [0x00000000c0000000, 0x00000000c5300000, 0x00000000eab00000)
  object space 84992K, 2% used [0x00000000c0000000,0x00000000c01f9570,0x00000000c5300000)
 Metaspace       used 5944K, capacity 7088K, committed 7296K, reserved 1056768K
  class space    used 578K, capacity 616K, committed 640K, reserved 1048576K
Event: 1.962 GC heap after
Heap after GC invocations=2 (full 0):
 PSYoungGen      total 36864K, used 5116K [0x00000000eab00000, 0x00000000ed400000, 0x0000000100000000)
  eden space 31744K, 0% used [0x00000000eab00000,0x00000000eab00000,0x00000000eca00000)
  from space 5120K, 99% used [0x00000000ecf00000,0x00000000ed3ff248,0x00000000ed400000)
  to   space 5120K, 0% used [0x00000000eca00000,0x00000000eca00000,0x00000000ecf00000)
 ParOldGen       total 84992K, used 7000K [0x00000000c0000000, 0x00000000c5300000, 0x00000000eab00000)
  object space 84992K, 8% used [0x00000000c0000000,0x00000000c06d6050,0x00000000c5300000)
 Metaspace       used 5944K, capacity 7088K, committed 7296K, reserved 1056768K
  class space    used 578K, capacity 616K, committed 640K, reserved 1048576K
}
Event: 2.343 GC heap before
{Heap before GC invocations=3 (full 0):
 PSYoungGen      total 36864K, used 36860K [0x00000000eab00000, 0x00000000ed400000, 0x0000000100000000)
  eden space 31744K, 100% used [0x00000000eab00000,0x00000000eca00000,0x00000000eca00000)
  from space 5120K, 99% used [0x00000000ecf00000,0x00000000ed3ff248,0x00000000ed400000)
  to   space 5120K, 0% used [0x00000000eca00000,0x00000000eca00000,0x00000000ecf00000)
 ParOldGen       total 84992K, used 7000K [0x00000000c0000000, 0x00000000c5300000, 0x00000000eab00000)
  object space 84992K, 8% used [0x00000000c0000000,0x00000000c06d6050,0x00000000c5300000)
 Metaspace       used 6031K, capacity 7088K, committed 7296K, reserved 1056768K
  class space    used 580K, capacity 616K, committed 640K, reserved 1048576K
Event: 2.366 GC heap after
Heap after GC invocations=3 (full 0):
 PSYoungGen      total 36864K, used 5108K [0x00000000eab00000, 0x00000000ed400000, 0x0000000100000000)
  eden space 31744K, 0% used [0x00000000eab00000,0x00000000eab00000,0x00000000eca00000)
  from space 5120K, 99% used [0x00000000eca00000,0x00000000ecefd1a0,0x00000000ecf00000)
  to   space 5120K, 0% used [0x00000000ecf00000,0x00000000ecf00000,0x00000000ed400000)
 ParOldGen       total 84992K, used 12469K [0x00000000c0000000, 0x00000000c5300000, 0x00000000eab00000)
  object space 84992K, 14% used [0x00000000c0000000,0x00000000c0c2d420,0x00000000c5300000)
 Metaspace       used 6031K, capacity 7088K, committed 7296K, reserved 1056768K
  class space    used 580K, capacity 616K, committed 640K, reserved 1048576K
}
Event: 3.293 GC heap before
{Heap before GC invocations=4 (full 0):
 PSYoungGen      total 36864K, used 36852K [0x00000000eab00000, 0x00000000ed400000, 0x0000000100000000)
  eden space 31744K, 100% used [0x00000000eab00000,0x00000000eca00000,0x00000000eca00000)
  from space 5120K, 99% used [0x00000000eca00000,0x00000000ecefd1a0,0x00000000ecf00000)
  to   space 5120K, 0% used [0x00000000ecf00000,0x00000000ecf00000,0x00000000ed400000)
 ParOldGen       total 84992K, used 12469K [0x00000000c0000000, 0x00000000c5300000, 0x00000000eab00000)
  object space 84992K, 14% used [0x00000000c0000000,0x00000000c0c2d420,0x00000000c5300000)
 Metaspace       used 6540K, capacity 7346K, committed 7552K, reserved 1056768K
  class space    used 614K, capacity 618K, committed 640K, reserved 1048576K
Event: 3.315 GC heap after
Heap after GC invocations=4 (full 0):
 PSYoungGen      total 36864K, used 5119K [0x00000000eab00000, 0x00000000ed400000, 0x0000000100000000)
  eden space 31744K, 0% used [0x00000000eab00000,0x00000000eab00000,0x00000000eca00000)
  from space 5120K, 99% used [0x00000000ecf00000,0x00000000ed3ffce8,0x00000000ed400000)
  to   space 5120K, 0% used [0x00000000eca00000,0x00000000eca00000,0x00000000ecf00000)
 ParOldGen       total 84992K, used 18338K [0x00000000c0000000, 0x00000000c5300000, 0x00000000eab00000)
  object space 84992K, 21% used [0x00000000c0000000,0x00000000c11e8b60,0x00000000c5300000)
 Metaspace       used 6540K, capacity 7346K, committed 7552K, reserved 1056768K
  class space    used 614K, capacity 618K, committed 640K, reserved 1048576K
}
Event: 4.413 GC heap before
{Heap before GC invocations=5 (full 0):
 PSYoungGen      total 36864K, used 36863K [0x00000000eab00000, 0x00000000ed400000, 0x0000000100000000)
  eden space 31744K, 100% used [0x00000000eab00000,0x00000000eca00000,0x00000000eca00000)
  from space 5120K, 99% used [0x00000000ecf00000,0x00000000ed3ffce8,0x00000000ed400000)
  to   space 5120K, 0% used [0x00000000eca00000,0x00000000eca00000,0x00000000ecf00000)
 ParOldGen       total 84992K, used 18338K [0x00000000c0000000, 0x00000000c5300000, 0x00000000eab00000)
  object space 84992K, 21% used [0x00000000c0000000,0x00000000c11e8b60,0x00000000c5300000)
 Metaspace       used 8261K, capacity 8386K, committed 8576K, reserved 1056768K
  class space    used 791K, capacity 818K, committed 896K, reserved 1048576K
Event: 4.449 GC heap after
Heap after GC invocations=5 (full 0):
 PSYoungGen      total 36864K, used 5107K [0x00000000eab00000, 0x00000000ed400000, 0x0000000100000000)
  eden space 31744K, 0% used [0x00000000eab00000,0x00000000eab00000,0x00000000eca00000)
  from space 5120K, 99% used [0x00000000eca00000,0x00000000ecefcfc8,0x00000000ecf00000)
  to   space 5120K, 0% used [0x00000000ecf00000,0x00000000ecf00000,0x00000000ed400000)
 ParOldGen       total 84992K, used 22509K [0x00000000c0000000, 0x00000000c5300000, 0x00000000eab00000)
  object space 84992K, 26% used [0x00000000c0000000,0x00000000c15fb430,0x00000000c5300000)
 Metaspace       used 8261K, capacity 8386K, committed 8576K, reserved 1056768K
  class space    used 791K, capacity 818K, committed 896K, reserved 1048576K
}
Event: 4.791 GC heap before
{Heap before GC invocations=6 (full 0):
 PSYoungGen      total 36864K, used 36551K [0x00000000eab00000, 0x00000000ed400000, 0x0000000100000000)
  eden space 31744K, 99% used [0x00000000eab00000,0x00000000ec9b5010,0x00000000eca00000)
  from space 5120K, 99% used [0x00000000eca00000,0x00000000ecefcfc8,0x00000000ecf00000)
  to   space 5120K, 0% used [0x00000000ecf00000,0x00000000ecf00000,0x00000000ed400000)
 ParOldGen       total 84992K, used 22509K [0x00000000c0000000, 0x00000000c5300000, 0x00000000eab00000)
  object space 84992K, 26% used [0x00000000c0000000,0x00000000c15fb430,0x00000000c5300000)
 Metaspace       used 8279K, capacity 8386K, committed 8576K, reserved 1056768K
  class space    used 791K, capacity 818K, committed 896K, reserved 1048576K
Event: 4.816 GC heap after
Heap after GC invocations=6 (full 0):
 PSYoungGen      total 36864K, used 5119K [0x00000000eab00000, 0x00000000ed400000, 0x0000000100000000)
  eden space 31744K, 0% used [0x00000000eab00000,0x00000000eab00000,0x00000000eca00000)
  from space 5120K, 99% used [0x00000000ecf00000,0x00000000ed3ffca0,0x00000000ed400000)
  to   space 5120K, 0% used [0x00000000eca00000,0x00000000eca00000,0x00000000ecf00000)
 ParOldGen       total 84992K, used 23460K [0x00000000c0000000, 0x00000000c5300000, 0x00000000eab00000)
  object space 84992K, 27% used [0x00000000c0000000,0x00000000c16e9048,0x00000000c5300000)
 Metaspace       used 8279K, capacity 8386K, committed 8576K, reserved 1056768K
  class space    used 791K, capacity 818K, committed 896K, reserved 1048576K
}

Deoptimization events (10 events):
Event: 3.913 Thread 0x000000000250e000 Uncommon trap: reason=unstable_if action=reinterpret pc=0x00000000031f0b7c method=java.util.HashMap.resize()[Ljava/util/HashMap$Node; @ 206
Event: 3.974 Thread 0x000000000250e000 Uncommon trap: reason=unstable_if action=reinterpret pc=0x00000000031ea4d0 method=java.util.HashMap.getNode(ILjava/lang/Object;)Ljava/util/HashMap$Node; @ 84
Event: 3.986 Thread 0x000000000250e000 Uncommon trap: reason=unstable_if action=reinterpret pc=0x00000000034663b4 method=com.android.dx.merge.IndexMap.adjustString(I)I @ 2
Event: 4.002 Thread 0x000000000250e000 Uncommon trap: reason=unstable_if action=reinterpret pc=0x000000000327b064 method=java.util.HashMap.getNode(ILjava/lang/Object;)Ljava/util/HashMap$Node; @ 84
Event: 4.081 Thread 0x000000000250e000 Uncommon trap: reason=unstable_if action=reinterpret pc=0x000000000341fb34 method=sun.misc.URLClassPath.getLoader(I)Lsun/misc/URLClassPath$Loader; @ 36
Event: 4.081 Thread 0x000000000250e000 Uncommon trap: reason=unstable_if action=reinterpret pc=0x000000000341d018 method=sun.misc.URLClassPath.getLoader(I)Lsun/misc/URLClassPath$Loader; @ 36
Event: 4.081 Thread 0x000000000250e000 Uncommon trap: reason=unstable_if action=reinterpret pc=0x0000000002d45844 method=sun.misc.MetaIndex.mayContain(Ljava/lang/String;)Z @ 13
Event: 4.084 Thread 0x000000000250e000 Uncommon trap: reason=class_check action=maybe_recompile pc=0x000000000308059c method=java.util.ArrayList.<init>(Ljava/util/Collection;)V @ 6
Event: 4.095 Thread 0x000000000250e000 Uncommon trap: reason=class_check action=maybe_recompile pc=0x000000000308059c method=java.util.ArrayList.<init>(Ljava/util/Collection;)V @ 6
Event: 4.157 Thread 0x000000000250e000 Uncommon trap: reason=predicate action=maybe_recompile pc=0x000000000348bf70 method=com.android.dex.Leb128.readUnsignedLeb128(Lcom/android/dex/util/ByteInput;)I @ 41

Internal exceptions (6 events):
Event: 0.078 Thread 0x000000000250e000 Exception <a 'java/lang/NoSuchMethodError': Method sun.misc.Unsafe.defineClass(Ljava/lang/String;[BII)Ljava/lang/Class; name or signature does not match> (0x00000000eab13068) thrown at [C:\re\workspace\8-2-build-windows-amd64-cygwin\jdk8u60\4407\hotspot\sr(òIs¢¥?
Event: 0.078 Thread 0x000000000250e000 Exception <a 'java/lang/NoSuchMethodError': Method sun.misc.Unsafe.prefetchRead(Ljava/lang/Object;J)V name or signature does not match> (0x00000000eab13350) thrown at [C:\re\workspace\8-2-build-windows-amd64-cygwin\jdk8u60\4407\hotspot\src\share\vm\prims\j`y›£ùS@
Event: 4.082 Thread 0x000000000250e000 Exception <a 'java/security/PrivilegedActionException'> (0x00000000eb5cc048) thrown at [C:\re\workspace\8-2-build-windows-amd64-cygwin\jdk8u60\4407\hotspot\src\share\vm\prims\jvm.cpp, line 1386]
Event: 4.082 Thread 0x000000000250e000 Exception <a 'java/security/PrivilegedActionException'> (0x00000000eb5cc440) thrown at [C:\re\workspace\8-2-build-windows-amd64-cygwin\jdk8u60\4407\hotspot\src\share\vm\prims\jvm.cpp, line 1386]
Event: 4.082 Thread 0x000000000250e000 Exception <a 'java/security/PrivilegedActionException'> (0x00000000eb5d0658) thrown at [C:\re\workspace\8-2-build-windows-amd64-cygwin\jdk8u60\4407\hotspot\src\share\vm\prims\jvm.cpp, line 1386]
Event: 4.082 Thread 0x000000000250e000 Exception <a 'java/security/PrivilegedActionException'> (0x00000000eb5d0a50) thrown at [C:\re\workspace\8-2-build-windows-amd64-cygwin\jdk8u60\4407\hotspot\src\share\vm\prims\jvm.cpp, line 1386]

Events (10 events):
Event: 4.820 Thread 0x000000000250e000 DEOPT PACKING pc=0x000000000356b2a9 sp=0x0000000002a5ed30
Event: 4.820 Thread 0x000000000250e000 DEOPT UNPACKING pc=0x0000000002ba787f sp=0x0000000002a5eab0 mode 0
Event: 4.829 Thread 0x000000000250e000 DEOPT PACKING pc=0x000000000356b2a9 sp=0x0000000002a5ed30
Event: 4.829 Thread 0x000000000250e000 DEOPT UNPACKING pc=0x0000000002ba787f sp=0x0000000002a5eab0 mode 0
Event: 4.832 Thread 0x000000000250e000 DEOPT PACKING pc=0x000000000356b2a9 sp=0x0000000002a5ed30
Event: 4.832 Thread 0x000000000250e000 DEOPT UNPACKING pc=0x0000000002ba787f sp=0x0000000002a5eab0 mode 0
Event: 4.936 Thread 0x000000000250e000 DEOPT PACKING pc=0x000000000347b28f sp=0x0000000002a5ebf0
Event: 4.936 Thread 0x000000000250e000 DEOPT UNPACKING pc=0x0000000002ba787f sp=0x0000000002a5e8e0 mode 0
Event: 4.950 Thread 0x000000000250e000 DEOPT PACKING pc=0x000000000347b28f sp=0x0000000002a5ebc0
Event: 4.950 Thread 0x000000000250e000 DEOPT UNPACKING pc=0x0000000002ba787f sp=0x0000000002a5e8b0 mode 0


Dynamic libraries:
0x00007ff60ef20000 - 0x00007ff60ef57000 	D:\Program Files\Java\jdk1.8.0_60\bin\java.exe
0x00007ffaf3e50000 - 0x00007ffaf4011000 	C:\Windows\SYSTEM32\ntdll.dll
0x00007ffaf3320000 - 0x00007ffaf33cd000 	C:\Windows\system32\KERNEL32.DLL
0x00007ffaf1280000 - 0x00007ffaf145d000 	C:\Windows\system32\KERNELBASE.dll
0x00007ffaf3120000 - 0x00007ffaf31c6000 	C:\Windows\system32\ADVAPI32.dll
0x00007ffaf2f50000 - 0x00007ffaf2fed000 	C:\Windows\system32\msvcrt.dll
0x00007ffaf3060000 - 0x00007ffaf30bb000 	C:\Windows\system32\sechost.dll
0x00007ffaf3d20000 - 0x00007ffaf3e46000 	C:\Windows\system32\RPCRT4.dll
0x00007ffaf1730000 - 0x00007ffaf187e000 	C:\Windows\system32\USER32.dll
0x00007ffaf3530000 - 0x00007ffaf36b6000 	C:\Windows\system32\GDI32.dll
0x00007ffaecfe0000 - 0x00007ffaed254000 	C:\Windows\WinSxS\amd64_microsoft.windows.common-controls_6595b64144ccf1df_6.0.10240.16384_none_f41f7b285750ef43\COMCTL32.dll
0x00007ffaf3820000 - 0x00007ffaf3856000 	C:\Windows\system32\IMM32.DLL
0x00007ffaf33d0000 - 0x00007ffaf352c000 	C:\Windows\system32\MSCTF.dll
0x000000005bf70000 - 0x000000005c042000 	D:\Program Files\Java\jdk1.8.0_60\jre\bin\msvcr100.dll
0x000000005c3f0000 - 0x000000005cc79000 	D:\Program Files\Java\jdk1.8.0_60\jre\bin\server\jvm.dll
0x00007ffaf37a0000 - 0x00007ffaf37a8000 	C:\Windows\system32\PSAPI.DLL
0x00007ffae3f60000 - 0x00007ffae3f69000 	C:\Windows\SYSTEM32\WSOCK32.dll
0x00007ffaeed40000 - 0x00007ffaeed63000 	C:\Windows\SYSTEM32\WINMM.dll
0x00007ffaf2ff0000 - 0x00007ffaf3059000 	C:\Windows\system32\WS2_32.dll
0x00007ffaf3b40000 - 0x00007ffaf3b48000 	C:\Windows\system32\NSI.dll
0x00007ffaef4f0000 - 0x00007ffaef4fa000 	C:\Windows\SYSTEM32\VERSION.dll
0x00007ffaeece0000 - 0x00007ffaeed0c000 	C:\Windows\SYSTEM32\WINMMBASE.dll
0x00007ffaf1230000 - 0x00007ffaf1274000 	C:\Windows\system32\cfgmgr32.dll
0x00007ffaef030000 - 0x00007ffaef057000 	C:\Windows\SYSTEM32\DEVOBJ.dll
0x000000005c3e0000 - 0x000000005c3ef000 	D:\Program Files\Java\jdk1.8.0_60\jre\bin\verify.dll
0x000000005c3b0000 - 0x000000005c3d9000 	D:\Program Files\Java\jdk1.8.0_60\jre\bin\java.dll
0x000000005c390000 - 0x000000005c3a6000 	D:\Program Files\Java\jdk1.8.0_60\jre\bin\zip.dll
0x00007ffaf1880000 - 0x00007ffaf2da2000 	C:\Windows\system32\SHELL32.dll
0x00007ffaf0920000 - 0x00007ffaf0f48000 	C:\Windows\system32\windows.storage.dll
0x00007ffaf38c0000 - 0x00007ffaf3b3c000 	C:\Windows\system32\combase.dll
0x00007ffaf16d0000 - 0x00007ffaf1721000 	C:\Windows\system32\shlwapi.dll
0x00007ffaf0910000 - 0x00007ffaf091f000 	C:\Windows\system32\kernel.appcore.dll
0x00007ffaf1460000 - 0x00007ffaf1513000 	C:\Windows\system32\shcore.dll
0x00007ffaf08a0000 - 0x00007ffaf08ea000 	C:\Windows\system32\powrprof.dll
0x00007ffaf0880000 - 0x00007ffaf0893000 	C:\Windows\system32\profapi.dll

VM Arguments:
jvm_args: -Xmx1024M -Dfile.encoding=GBK -Duser.country=CN -Duser.language=zh -Duser.variant 
java_command: com.android.dx.command.Main --dex --num-threads=4 --output D:\AndroidStudioProjects\TallyManagement2\app\build\intermediates\dex\debug D:\AndroidStudioProjects\TallyManagement2\app\build\intermediates\classes\debug D:\AndroidStudioProjects\TallyManagement2\app\build\intermediates\pre-dexed\debug\support-annotations-23.0.1-9792d51791d92eddc0d9758885c1364396bdbf7e.jar D:\AndroidStudioProjects\TallyManagement2\app\build\intermediates\pre-dexed\debug\classes-59ab2655c30787b672efa77e36c50fd968268cac.jar D:\AndroidStudioProjects\TallyManagement2\app\build\intermediates\pre-dexed\debug\classes-1e28f12559ef5d71b1bbca7b5db83eed036dc1c3.jar D:\AndroidStudioProjects\TallyManagement2\app\build\intermediates\pre-dexed\debug\classes-c9fb29425e916578f9da58c1224d11c2c54cd04f.jar D:\AndroidStudioProjects\TallyManagement2\app\build\intermediates\pre-dexed\debug\internal_impl-23.0.1-51c0b27fb24364d4354a5dbe02ee70f4a303778e.jar D:\AndroidStudioProjects\TallyManagement2\app\build\intermediates\pre-dexed\debug\classes-77caca71b46faf94cd7b22ea5adc1ef78f5ee27b.jar D:\AndroidStudioProjects\TallyManagement2\app\build\intermediates\pre-dexed\debug\classes-85cae0db46e6d23141b358ea201ceb5219e741e5.jar D:\AndroidStudioProjects\TallyManagement2\app\build\intermediates\pre-dexed\debug\core-3.2.1-6db63d91b412efde686622e4d50c047dfc951072.jar D:\AndroidStudioProjects\TallyManagement2\app\build\intermediates\pre-dexed\debug\classes-5e3f87484bd71784e4cca63d7b79d28598405798.jar D:\AndroidStudioProjects\TallyManagement2\app\build\intermediates\pre-dexed\debug\baidumapapi_v3_2_0-c8df5274e4c91172da3bbb51ba95c8c8b0d83d30.jar
java_class_path (initial): D:\Android\sdk\build-tools\23.0.1\lib\dx.jar
Launcher Type: SUN_STANDARD

Environment Variables:
JAVA_HOME=D:\Program Files\Java\jdk1.8.0_60
CLASSPATH=.;D:\Program Files\Java\jdk1.8.0_60\lib\dt.jar;D:\Program Files\Java\jdk1.8.0_60\lib\tools.jar
PATH=C:\app\song\product\11.2.0\client_2;C:\app\song\product\11.2.0\client_1\BIN;D:\Program Files\Java\jdk1.8.0_60\bin;D:\Program Files\Java\jdk1.8.0_60\jre\bin;C:\Program Files (x86)\Windows Kits\8.1\Windows Performance Toolkit\;C:\Program Files\Microsoft SQL Server\110\Tools\Binn\
USERNAME=song
OS=Windows_NT
PROCESSOR_IDENTIFIER=Intel64 Family 6 Model 61 Stepping 4, GenuineIntel



---------------  S Y S T E M  ---------------

OS: Windows 10.0 , 64 bit Build 10240 (10.0.10240.16384)

CPU:total 4 (2 cores per cpu, 2 threads per core) family 6 model 61 stepping 4, cmov, cx8, fxsr, mmx, sse, sse2, sse3, ssse3, sse4.1, sse4.2, popcnt, avx, avx2, clmul, erms, 3dnowpref, lzcnt, ht, tsc, tscinvbit, bmi1, bmi2, adx

Memory: 4k page, physical 8077272k(1216576k free), swap 23834992k(4184k free)

vm_info: Java HotSpot(TM) 64-Bit Server VM (25.60-b23) for windows-amd64 JRE (1.8.0_60-b27), built on Aug  4 2015 11:06:27 by "java_re" with MS VC++ 10.0 (VS2010)

time: Thu Oct 08 13:08:17 2015
elapsed time: 4 seconds (0d 0h 0m 4s)

