#
# There is insufficient memory for the Java Runtime Environment to continue.
# Native memory allocation (malloc) failed to allocate 139184 bytes for Chunk::new
# Possible reasons:
#   The system is out of physical RAM or swap space
#   In 32 bit mode, the process size limit was hit
# Possible solutions:
#   Reduce memory load on the system
#   Increase physical memory or swap space
#   Check if swap backing store is full
#   Use 64 bit Java on a 64 bit OS
#   Decrease Java heap size (-Xmx/-Xms)
#   Decrease number of Java threads
#   Decrease Java thread stack sizes (-Xss)
#   Set larger code cache with -XX:ReservedCodeCacheSize=
# This output file may be truncated or incomplete.
#
#  Out of Memory Error (allocation.cpp:390), pid=96028, tid=139552
#
# JRE version: Java(TM) SE Runtime Environment (8.0_60-b27) (build 1.8.0_60-b27)
# Java VM: Java HotSpot(TM) 64-Bit Server VM (25.60-b23 mixed mode windows-amd64 compressed oops)
# Failed to write core dump. Minidumps are not enabled by default on client versions of Windows
#

---------------  T H R E A D  ---------------

Current thread (0x0000000014b4e800):  JavaThread "C2 CompilerThread1" daemon [_thread_in_native, id=139552, stack(0x0000000016550000,0x0000000016650000)]

Stack: [0x0000000016550000,0x0000000016650000]
[error occurred during error reporting (printing stack bounds), id 0xc0000005]

Native frames: (J=compiled Java code, j=interpreted, Vv=VM code, C=native code)


Current CompileTask:
C2:    721  415       4       java.util.TreeMap::put (247 bytes)


---------------  P R O C E S S  ---------------

Java Threads: ( => current thread )
  0x0000000016308800 JavaThread "pool-1-thread-4" [_thread_blocked, id=110116, stack(0x0000000016d50000,0x0000000016e50000)]
  0x00000000162a6800 JavaThread "pool-1-thread-3" [_thread_in_Java, id=83888, stack(0x0000000016c50000,0x0000000016d50000)]
  0x00000000162a9000 JavaThread "pool-1-thread-2" [_thread_blocked, id=44520, stack(0x0000000016b50000,0x0000000016c50000)]
  0x00000000162a0800 JavaThread "pool-2-thread-1" [_thread_blocked, id=46944, stack(0x0000000016a50000,0x0000000016b50000)]
  0x000000001629f800 JavaThread "pool-1-thread-1" [_thread_in_Java, id=52116, stack(0x0000000016950000,0x0000000016a50000)]
  0x00000000161e5800 JavaThread "Service Thread" daemon [_thread_blocked, id=43208, stack(0x0000000016750000,0x0000000016850000)]
  0x000000001617a000 JavaThread "C1 CompilerThread2" daemon [_thread_blocked, id=44740, stack(0x0000000016650000,0x0000000016750000)]
=>0x0000000014b4e800 JavaThread "C2 CompilerThread1" daemon [_thread_in_native, id=139552, stack(0x0000000016550000,0x0000000016650000)]
  0x0000000014b4a800 JavaThread "C2 CompilerThread0" daemon [_thread_blocked, id=49616, stack(0x0000000016050000,0x0000000016150000)]
  0x0000000014aff000 JavaThread "Attach Listener" daemon [_thread_blocked, id=13416, stack(0x0000000015f50000,0x0000000016050000)]
  0x0000000014afe000 JavaThread "Signal Dispatcher" daemon [_thread_blocked, id=142128, stack(0x0000000015e50000,0x0000000015f50000)]
  0x0000000002416800 JavaThread "Finalizer" daemon [_thread_blocked, id=47300, stack(0x0000000015d50000,0x0000000015e50000)]
  0x000000000240e000 JavaThread "Reference Handler" daemon [_thread_blocked, id=102928, stack(0x0000000015c50000,0x0000000015d50000)]
  0x0000000001e3e000 JavaThread "main" [_thread_in_vm, id=127192, stack(0x0000000002220000,0x0000000002320000)]

Other Threads:
  0x0000000014ab7000 VMThread [stack: 0x0000000015b50000,0x0000000015c50000] [id=66644]
  0x000000001620e800 WatcherThread [stack: 0x0000000016850000,0x0000000016950000] [id=50272]

VM state:not at safepoint (normal execution)

VM Mutex/Monitor currently owned by a thread: None

Heap:
 PSYoungGen      total 36864K, used 13599K [0x00000000eab00000, 0x00000000ed400000, 0x0000000100000000)
  eden space 31744K, 42% used [0x00000000eab00000,0x00000000eb847f38,0x00000000eca00000)
  from space 5120K, 0% used [0x00000000ecf00000,0x00000000ecf00000,0x00000000ed400000)
  to   space 5120K, 0% used [0x00000000eca00000,0x00000000eca00000,0x00000000ecf00000)
 ParOldGen       total 84992K, used 0K [0x00000000c0000000, 0x00000000c5300000, 0x00000000eab00000)
  object space 84992K, 0% used [0x00000000c0000000,0x00000000c0000000,0x00000000c5300000)
 Metaspace       used 5169K, capacity 6384K, committed 6528K, reserved 1056768K
  class space    used 567K, capacity 616K, committed 640K, reserved 1048576K

Card table byte_map: [0x00000000117e0000,0x00000000119f0000] byte_map_base: 0x00000000111e0000

Marking Bits: (ParMarkBitMap*) 0x000000005cbfa5b0
 Begin Bits: [0x0000000011f50000, 0x0000000012f50000)
 End Bits:   [0x0000000012f50000, 0x0000000013f50000)

Polling page: 0x0000000001d40000

CodeCache: size=245760Kb used=2061Kb max_used=2073Kb free=243698Kb
 bounds [0x0000000002420000, 0x0000000002690000, 0x0000000011420000]
 total_blobs=694 nmethods=431 adapters=176
 compilation: enabled

Compilation events (10 events):
Event: 0.711 Thread 0x000000001617a000  429       3       java.util.Arrays::copyOf (13 bytes)
Event: 0.711 Thread 0x000000001617a000 nmethod 429 0x0000000002622b50 code [0x0000000002622cc0, 0x0000000002622ec8]
Event: 0.711 Thread 0x000000001617a000  423       1       com.android.dx.ssa.SsaBasicBlock::getDomChildren (5 bytes)
Event: 0.711 Thread 0x000000001617a000 nmethod 423 0x0000000002622f90 code [0x00000000026230e0, 0x00000000026231f0]
Event: 0.711 Thread 0x000000001617a000  430       1       java.lang.Enum::ordinal (5 bytes)
Event: 0.711 Thread 0x000000001617a000 nmethod 430 0x0000000002623250 code [0x00000000026233a0, 0x00000000026234b0]
Event: 0.711 Thread 0x000000001617a000  425       1       com.android.dx.ssa.SsaInsn::getBlock (5 bytes)
Event: 0.711 Thread 0x000000001617a000 nmethod 425 0x0000000002623510 code [0x0000000002623660, 0x0000000002623770]
Event: 0.711 Thread 0x000000001617a000  432       1       java.io.File::getPath (5 bytes)
Event: 0.711 Thread 0x000000001617a000 nmethod 432 0x00000000026237d0 code [0x0000000002623920, 0x0000000002623a30]

GC Heap History (0 events):
No events

Deoptimization events (8 events):
Event: 0.501 Thread 0x0000000016308800 Uncommon trap: reason=class_check action=maybe_recompile pc=0x00000000025c23fc method=com.android.dx.rop.cst.Constant.compareTo(Ljava/lang/Object;)I @ 2
Event: 0.502 Thread 0x0000000016308800 Uncommon trap: reason=class_check action=maybe_recompile pc=0x00000000025c23fc method=com.android.dx.rop.cst.Constant.compareTo(Ljava/lang/Object;)I @ 2
Event: 0.502 Thread 0x0000000016308800 Uncommon trap: reason=class_check action=maybe_recompile pc=0x00000000025c23fc method=com.android.dx.rop.cst.Constant.compareTo(Ljava/lang/Object;)I @ 2
Event: 0.502 Thread 0x0000000016308800 Uncommon trap: reason=class_check action=maybe_recompile pc=0x00000000025c23fc method=com.android.dx.rop.cst.Constant.compareTo(Ljava/lang/Object;)I @ 2
Event: 0.688 Thread 0x00000000162a6800 Uncommon trap: reason=speculate_class_check action=maybe_recompile pc=0x00000000025d1a70 method=com.android.dx.rop.cst.Constant.compareTo(Lcom/android/dx/rop/cst/Constant;)I @ 29
Event: 0.688 Thread 0x000000001629f800 Uncommon trap: reason=speculate_class_check action=maybe_recompile pc=0x00000000025d1a70 method=com.android.dx.rop.cst.Constant.compareTo(Lcom/android/dx/rop/cst/Constant;)I @ 29
Event: 0.688 Thread 0x000000001629f800 Uncommon trap: reason=speculate_class_check action=maybe_recompile pc=0x00000000025d1a70 method=com.android.dx.rop.cst.Constant.compareTo(Lcom/android/dx/rop/cst/Constant;)I @ 29
Event: 0.688 Thread 0x00000000162a6800 Uncommon trap: reason=speculate_class_check action=maybe_recompile pc=0x00000000025d1a70 method=com.android.dx.rop.cst.Constant.compareTo(Lcom/android/dx/rop/cst/Constant;)I @ 29

Internal exceptions (2 events):
Event: 0.074 Thread 0x0000000001e3e000 Exception <a 'java/lang/NoSuchMethodError': Method sun.misc.Unsafe.defineClass(Ljava/lang/String;[BII)Ljava/lang/Class; name or signature does not match> (0x00000000eab12f30) thrown at [C:\re\workspace\8-2-build-windows-amd64-cygwin\jdk8u60\4407\hotspot\sr3¬všV³?
Event: 0.074 Thread 0x0000000001e3e000 Exception <a 'java/lang/NoSuchMethodError': Method sun.misc.Unsafe.prefetchRead(Ljava/lang/Object;J)V name or signature does not match> (0x00000000eab13218) thrown at [C:\re\workspace\8-2-build-windows-amd64-cygwin\jdk8u60\4407\hotspot\src\share\vm\prims\j

Events (10 events):
Event: 0.688 Thread 0x00000000162a6800 DEOPT UNPACKING pc=0x000000000246582a sp=0x0000000016d4e700 mode 2
Event: 0.688 Thread 0x000000001629f800 Uncommon trap: trap_request=0xffffff76 fr.pc=0x00000000025d1a70
Event: 0.688 Thread 0x000000001629f800 DEOPT PACKING pc=0x00000000025d1a70 sp=0x0000000016a4eae0
Event: 0.688 Thread 0x000000001629f800 DEOPT UNPACKING pc=0x000000000246582a sp=0x0000000016a4ea10 mode 2
Event: 0.688 Thread 0x000000001629f800 Uncommon trap: trap_request=0xffffff76 fr.pc=0x00000000025d1a70
Event: 0.688 Thread 0x000000001629f800 DEOPT PACKING pc=0x00000000025d1a70 sp=0x0000000016a4eab0
Event: 0.688 Thread 0x000000001629f800 DEOPT UNPACKING pc=0x000000000246582a sp=0x0000000016a4e9e0 mode 2
Event: 0.688 Thread 0x00000000162a6800 Uncommon trap: trap_request=0xffffff76 fr.pc=0x00000000025d1a70
Event: 0.688 Thread 0x00000000162a6800 DEOPT PACKING pc=0x00000000025d1a70 sp=0x0000000016d4e910
Event: 0.688 Thread 0x00000000162a6800 DEOPT UNPACKING pc=0x000000000246582a sp=0x0000000016d4e840 mode 2


Dynamic libraries:
0x00007ff60ef20000 - 0x00007ff60ef57000 	D:\Program Files\Java\jdk1.8.0_60\bin\java.exe
0x00007ffaf3e50000 - 0x00007ffaf4011000 	C:\Windows\SYSTEM32\ntdll.dll
0x00007ffaf3320000 - 0x00007ffaf33cd000 	C:\Windows\system32\KERNEL32.DLL
0x00007ffaf1280000 - 0x00007ffaf145d000 	C:\Windows\system32\KERNELBASE.dll
0x00007ffaf3120000 - 0x00007ffaf31c6000 	C:\Windows\system32\ADVAPI32.dll
0x00007ffaf2f50000 - 0x00007ffaf2fed000 	C:\Windows\system32\msvcrt.dll
0x00007ffaf3060000 - 0x00007ffaf30bb000 	C:\Windows\system32\sechost.dll
0x00007ffaf3d20000 - 0x00007ffaf3e46000 	C:\Windows\system32\RPCRT4.dll
0x00007ffaf1730000 - 0x00007ffaf187e000 	C:\Windows\system32\USER32.dll
0x00007ffaf3530000 - 0x00007ffaf36b6000 	C:\Windows\system32\GDI32.dll
0x00007ffaecfe0000 - 0x00007ffaed254000 	C:\Windows\WinSxS\amd64_microsoft.windows.common-controls_6595b64144ccf1df_6.0.10240.16384_none_f41f7b285750ef43\COMCTL32.dll
0x00007ffaf3820000 - 0x00007ffaf3856000 	C:\Windows\system32\IMM32.DLL
0x00007ffaf33d0000 - 0x00007ffaf352c000 	C:\Windows\system32\MSCTF.dll
0x000000005bf70000 - 0x000000005c042000 	D:\Program Files\Java\jdk1.8.0_60\jre\bin\msvcr100.dll
0x000000005c3f0000 - 0x000000005cc79000 	D:\Program Files\Java\jdk1.8.0_60\jre\bin\server\jvm.dll
0x00007ffaf37a0000 - 0x00007ffaf37a8000 	C:\Windows\system32\PSAPI.DLL
0x00007ffae3f60000 - 0x00007ffae3f69000 	C:\Windows\SYSTEM32\WSOCK32.dll
0x00007ffaf2ff0000 - 0x00007ffaf3059000 	C:\Windows\system32\WS2_32.dll
0x00007ffaf3b40000 - 0x00007ffaf3b48000 	C:\Windows\system32\NSI.dll
0x00007ffaeed40000 - 0x00007ffaeed63000 	C:\Windows\SYSTEM32\WINMM.dll
0x00007ffaef4f0000 - 0x00007ffaef4fa000 	C:\Windows\SYSTEM32\VERSION.dll
0x00007ffaeece0000 - 0x00007ffaeed0c000 	C:\Windows\SYSTEM32\WINMMBASE.dll
0x00007ffaf1230000 - 0x00007ffaf1274000 	C:\Windows\system32\cfgmgr32.dll
0x00007ffaef030000 - 0x00007ffaef057000 	C:\Windows\SYSTEM32\DEVOBJ.dll
0x000000005c3e0000 - 0x000000005c3ef000 	D:\Program Files\Java\jdk1.8.0_60\jre\bin\verify.dll
0x000000005c3b0000 - 0x000000005c3d9000 	D:\Program Files\Java\jdk1.8.0_60\jre\bin\java.dll
0x000000005c390000 - 0x000000005c3a6000 	D:\Program Files\Java\jdk1.8.0_60\jre\bin\zip.dll
0x00007ffaf1880000 - 0x00007ffaf2da2000 	C:\Windows\system32\SHELL32.dll
0x00007ffaf0920000 - 0x00007ffaf0f48000 	C:\Windows\system32\windows.storage.dll
0x00007ffaf38c0000 - 0x00007ffaf3b3c000 	C:\Windows\system32\combase.dll
0x00007ffaf16d0000 - 0x00007ffaf1721000 	C:\Windows\system32\shlwapi.dll
0x00007ffaf0910000 - 0x00007ffaf091f000 	C:\Windows\system32\kernel.appcore.dll
0x00007ffaf1460000 - 0x00007ffaf1513000 	C:\Windows\system32\shcore.dll
0x00007ffaf08a0000 - 0x00007ffaf08ea000 	C:\Windows\system32\powrprof.dll
0x00007ffaf0880000 - 0x00007ffaf0893000 	C:\Windows\system32\profapi.dll

VM Arguments:
jvm_args: -Xmx1024M -Dfile.encoding=GBK -Duser.country=CN -Duser.language=zh -Duser.variant 
java_command: com.android.dx.command.Main --dex --num-threads=4 --output D:\AndroidStudioProjects\TallyManagement2\app\build\intermediates\dex\debug D:\AndroidStudioProjects\TallyManagement2\app\build\intermediates\classes\debug D:\AndroidStudioProjects\TallyManagement2\app\build\intermediates\pre-dexed\debug\support-annotations-23.0.1-9792d51791d92eddc0d9758885c1364396bdbf7e.jar D:\AndroidStudioProjects\TallyManagement2\app\build\intermediates\pre-dexed\debug\classes-59ab2655c30787b672efa77e36c50fd968268cac.jar D:\AndroidStudioProjects\TallyManagement2\app\build\intermediates\pre-dexed\debug\classes-1e28f12559ef5d71b1bbca7b5db83eed036dc1c3.jar D:\AndroidStudioProjects\TallyManagement2\app\build\intermediates\pre-dexed\debug\classes-c9fb29425e916578f9da58c1224d11c2c54cd04f.jar D:\AndroidStudioProjects\TallyManagement2\app\build\intermediates\pre-dexed\debug\internal_impl-23.0.1-51c0b27fb24364d4354a5dbe02ee70f4a303778e.jar D:\AndroidStudioProjects\TallyManagement2\app\build\intermediates\pre-dexed\debug\classes-77caca71b46faf94cd7b22ea5adc1ef78f5ee27b.jar D:\AndroidStudioProjects\TallyManagement2\app\build\intermediates\pre-dexed\debug\classes-85cae0db46e6d23141b358ea201ceb5219e741e5.jar D:\AndroidStudioProjects\TallyManagement2\app\build\intermediates\pre-dexed\debug\core-3.2.1-6db63d91b412efde686622e4d50c047dfc951072.jar D:\AndroidStudioProjects\TallyManagement2\app\build\intermediates\pre-dexed\debug\classes-5e3f87484bd71784e4cca63d7b79d28598405798.jar D:\AndroidStudioProjects\TallyManagement2\app\build\intermediates\pre-dexed\debug\baidumapapi_v3_2_0-c8df5274e4c91172da3bbb51ba95c8c8b0d83d30.jar
java_class_path (initial): D:\Android\sdk\build-tools\23.0.1\lib\dx.jar
Launcher Type: SUN_STANDARD

Environment Variables:
JAVA_HOME=D:\Program Files\Java\jdk1.8.0_60
CLASSPATH=.;D:\Program Files\Java\jdk1.8.0_60\lib\dt.jar;D:\Program Files\Java\jdk1.8.0_60\lib\tools.jar
PATH=C:\app\song\product\11.2.0\client_2;C:\app\song\product\11.2.0\client_1\BIN;D:\Program Files\Java\jdk1.8.0_60\bin;D:\Program Files\Java\jdk1.8.0_60\jre\bin;C:\Program Files (x86)\Windows Kits\8.1\Windows Performance Toolkit\;C:\Program Files\Microsoft SQL Server\110\Tools\Binn\
USERNAME=song
OS=Windows_NT
PROCESSOR_IDENTIFIER=Intel64 Family 6 Model 61 Stepping 4, GenuineIntel



---------------  S Y S T E M  ---------------

OS: Windows 10.0 , 64 bit Build 10240 (10.0.10240.16384)

CPU:total 4 (2 cores per cpu, 2 threads per core) family 6 model 61 stepping 4, cmov, cx8, fxsr, mmx, sse, sse2, sse3, ssse3, sse4.1, sse4.2, popcnt, avx, avx2, clmul, erms, 3dnowpref, lzcnt, ht, tsc, tscinvbit, bmi1, bmi2, adx

Memory: 4k page, physical 8077272k(1525996k free), swap 23834992k(5904k free)

vm_info: Java HotSpot(TM) 64-Bit Server VM (25.60-b23) for windows-amd64 JRE (1.8.0_60-b27), built on Aug  4 2015 11:06:27 by "java_re" with MS VC++ 10.0 (VS2010)

time: Thu Oct 08 13:11:32 2015
elapsed time: 0 seconds (0d 0h 0m 0s)

