#
# There is insufficient memory for the Java Runtime Environment to continue.
# Native memory allocation (malloc) failed to allocate 608496 bytes for Chunk::new
# Possible reasons:
#   The system is out of physical RAM or swap space
#   In 32 bit mode, the process size limit was hit
# Possible solutions:
#   Reduce memory load on the system
#   Increase physical memory or swap space
#   Check if swap backing store is full
#   Use 64 bit Java on a 64 bit OS
#   Decrease Java heap size (-Xmx/-Xms)
#   Decrease number of Java threads
#   Decrease Java thread stack sizes (-Xss)
#   Set larger code cache with -XX:ReservedCodeCacheSize=
# This output file may be truncated or incomplete.
#
#  Out of Memory Error (allocation.cpp:390), pid=117800, tid=116484
#
# JRE version: Java(TM) SE Runtime Environment (8.0_60-b27) (build 1.8.0_60-b27)
# Java VM: Java HotSpot(TM) 64-Bit Server VM (25.60-b23 mixed mode windows-amd64 compressed oops)
# Failed to write core dump. Minidumps are not enabled by default on client versions of Windows
#

---------------  T H R E A D  ---------------

Current thread (0x0000000014d1a000):  JavaThread "C2 CompilerThread0" daemon [_thread_in_native, id=116484, stack(0x0000000016220000,0x0000000016320000)]

Stack: [0x0000000016220000,0x0000000016320000]
[error occurred during error reporting (printing stack bounds), id 0xc0000005]

Native frames: (J=compiled Java code, j=interpreted, Vv=VM code, C=native code)


Current CompileTask:
C2:   2109 1377       4       com.android.dx.ssa.LocalVariableExtractor::processBlock (383 bytes)


---------------  P R O C E S S  ---------------

Java Threads: ( => current thread )
  0x000000001647a800 JavaThread "pool-1-thread-4" [_thread_blocked, id=9952, stack(0x0000000016f20000,0x0000000017020000)]
  0x0000000016479000 JavaThread "pool-1-thread-3" [_thread_in_Java, id=89580, stack(0x0000000016e20000,0x0000000016f20000)]
  0x0000000016478000 JavaThread "pool-1-thread-2" [_thread_blocked, id=77988, stack(0x0000000016d20000,0x0000000016e20000)]
  0x0000000016471000 JavaThread "pool-2-thread-1" [_thread_blocked, id=81576, stack(0x0000000016c20000,0x0000000016d20000)]
  0x0000000016470000 JavaThread "pool-1-thread-1" [_thread_blocked, id=142396, stack(0x0000000016b20000,0x0000000016c20000)]
  0x00000000163b5000 JavaThread "Service Thread" daemon [_thread_blocked, id=110768, stack(0x0000000016920000,0x0000000016a20000)]
  0x000000001632d800 JavaThread "C1 CompilerThread2" daemon [_thread_blocked, id=121368, stack(0x0000000016820000,0x0000000016920000)]
  0x0000000014d1e000 JavaThread "C2 CompilerThread1" daemon [_thread_in_native, id=86808, stack(0x0000000016720000,0x0000000016820000)]
=>0x0000000014d1a000 JavaThread "C2 CompilerThread0" daemon [_thread_in_native, id=116484, stack(0x0000000016220000,0x0000000016320000)]
  0x0000000014cce000 JavaThread "Attach Listener" daemon [_thread_blocked, id=99204, stack(0x0000000016120000,0x0000000016220000)]
  0x0000000014ccd800 JavaThread "Signal Dispatcher" daemon [_thread_blocked, id=118956, stack(0x0000000016020000,0x0000000016120000)]
  0x00000000025e6800 JavaThread "Finalizer" daemon [_thread_blocked, id=9732, stack(0x0000000015f20000,0x0000000016020000)]
  0x00000000025de000 JavaThread "Reference Handler" daemon [_thread_blocked, id=2708, stack(0x0000000015e20000,0x0000000015f20000)]
  0x0000000001fbe000 JavaThread "main" [_thread_in_Java, id=10860, stack(0x00000000023f0000,0x00000000024f0000)]

Other Threads:
  0x0000000014c87000 VMThread [stack: 0x0000000015d20000,0x0000000015e20000] [id=10260]
  0x00000000163eb000 WatcherThread [stack: 0x0000000016a20000,0x0000000016b20000] [id=7960]

VM state:not at safepoint (normal execution)

VM Mutex/Monitor currently owned by a thread: None

Heap:
 PSYoungGen      total 36864K, used 30013K [0x00000000eab00000, 0x00000000ed400000, 0x0000000100000000)
  eden space 31744K, 78% used [0x00000000eab00000,0x00000000ec353d48,0x00000000eca00000)
  from space 5120K, 99% used [0x00000000eca00000,0x00000000ecefb898,0x00000000ecf00000)
  to   space 5120K, 0% used [0x00000000ecf00000,0x00000000ecf00000,0x00000000ed400000)
 ParOldGen       total 84992K, used 1861K [0x00000000c0000000, 0x00000000c5300000, 0x00000000eab00000)
  object space 84992K, 2% used [0x00000000c0000000,0x00000000c01d17a8,0x00000000c5300000)
 Metaspace       used 5901K, capacity 7024K, committed 7296K, reserved 1056768K
  class space    used 578K, capacity 616K, committed 640K, reserved 1048576K

Card table byte_map: [0x00000000119b0000,0x0000000011bc0000] byte_map_base: 0x00000000113b0000

Marking Bits: (ParMarkBitMap*) 0x000000005cbfa5b0
 Begin Bits: [0x0000000012120000, 0x0000000013120000)
 End Bits:   [0x0000000013120000, 0x0000000014120000)

Polling page: 0x0000000000410000

CodeCache: size=245760Kb used=6277Kb max_used=6277Kb free=239482Kb
 bounds [0x00000000025f0000, 0x0000000002c20000, 0x00000000115f0000]
 total_blobs=1735 nmethods=1471 adapters=177
 compilation: enabled

Compilation events (10 events):
Event: 2.085 Thread 0x000000001632d800 1486       2       com.android.dx.ssa.SCCP::simulateMath (424 bytes)
Event: 2.087 Thread 0x000000001632d800 nmethod 1486 0x0000000002c14110 code [0x0000000002c14320, 0x0000000002c14a68]
Event: 2.087 Thread 0x000000001632d800 1487       2       com.android.dx.ssa.back.FirstFitLocalCombiningAllocator::access$100 (5 bytes)
Event: 2.087 Thread 0x000000001632d800 nmethod 1487 0x0000000002c15350 code [0x0000000002c154a0, 0x0000000002c155f0]
Event: 2.087 Thread 0x000000001632d800 1488       2       com.android.dx.rop.cst.CstLiteral64::equals (36 bytes)
Event: 2.087 Thread 0x000000001632d800 nmethod 1488 0x0000000002c15690 code [0x0000000002c157e0, 0x0000000002c159d0]
Event: 2.088 Thread 0x000000001632d800 1489       2       com.android.dx.dex.code.SimpleInsn::<init> (8 bytes)
Event: 2.088 Thread 0x000000001632d800 nmethod 1489 0x0000000002c15ad0 code [0x0000000002c15c40, 0x0000000002c15da8]
Event: 2.097 Thread 0x000000001632d800 1491       1       java.util.HashMap$Node::getKey (5 bytes)
Event: 2.098 Thread 0x000000001632d800 nmethod 1491 0x0000000002c15e50 code [0x0000000002c15fa0, 0x0000000002c160b0]

GC Heap History (2 events):
Event: 1.455 GC heap before
{Heap before GC invocations=1 (full 0):
 PSYoungGen      total 36864K, used 31744K [0x00000000eab00000, 0x00000000ed400000, 0x0000000100000000)
  eden space 31744K, 100% used [0x00000000eab00000,0x00000000eca00000,0x00000000eca00000)
  from space 5120K, 0% used [0x00000000ecf00000,0x00000000ecf00000,0x00000000ed400000)
  to   space 5120K, 0% used [0x00000000eca00000,0x00000000eca00000,0x00000000ecf00000)
 ParOldGen       total 84992K, used 0K [0x00000000c0000000, 0x00000000c5300000, 0x00000000eab00000)
  object space 84992K, 0% used [0x00000000c0000000,0x00000000c0000000,0x00000000c5300000)
 Metaspace       used 5719K, capacity 6896K, committed 7040K, reserved 1056768K
  class space    used 577K, capacity 616K, committed 640K, reserved 1048576K
Event: 1.471 GC heap after
Heap after GC invocations=1 (full 0):
 PSYoungGen      total 36864K, used 5102K [0x00000000eab00000, 0x00000000ed400000, 0x0000000100000000)
  eden space 31744K, 0% used [0x00000000eab00000,0x00000000eab00000,0x00000000eca00000)
  from space 5120K, 99% used [0x00000000eca00000,0x00000000ecefb898,0x00000000ecf00000)
  to   space 5120K, 0% used [0x00000000ecf00000,0x00000000ecf00000,0x00000000ed400000)
 ParOldGen       total 84992K, used 1861K [0x00000000c0000000, 0x00000000c5300000, 0x00000000eab00000)
  object space 84992K, 2% used [0x00000000c0000000,0x00000000c01d17a8,0x00000000c5300000)
 Metaspace       used 5719K, capacity 6896K, committed 7040K, reserved 1056768K
  class space    used 577K, capacity 616K, committed 640K, reserved 1048576K
}

Deoptimization events (10 events):
Event: 1.947 Thread 0x0000000016470000 Uncommon trap: reason=null_check action=make_not_entrant pc=0x0000000002a67be4 method=com.android.dx.ssa.SsaRenamer.getLocalForNewReg(I)Lcom/android/dx/rop/code/LocalItem; @ 19
Event: 2.071 Thread 0x0000000016470000 Uncommon trap: reason=unstable_if action=reinterpret pc=0x0000000002ae0208 method=com.android.dx.ssa.SCCP.simulateStmt(Lcom/android/dx/ssa/SsaInsn;)V @ 53
Event: 2.081 Thread 0x0000000016470000 Uncommon trap: reason=bimorphic action=maybe_recompile pc=0x000000000292dbd8 method=java.util.HashMap.putVal(ILjava/lang/Object;Ljava/lang/Object;ZZ)Ljava/lang/Object; @ 91
Event: 2.081 Thread 0x0000000016470000 Uncommon trap: reason=bimorphic action=maybe_recompile pc=0x000000000292dbd8 method=java.util.HashMap.putVal(ILjava/lang/Object;Ljava/lang/Object;ZZ)Ljava/lang/Object; @ 91
Event: 2.081 Thread 0x0000000016470000 Uncommon trap: reason=bimorphic action=maybe_recompile pc=0x000000000292dbd8 method=java.util.HashMap.putVal(ILjava/lang/Object;Ljava/lang/Object;ZZ)Ljava/lang/Object; @ 91
Event: 2.081 Thread 0x0000000016470000 Uncommon trap: reason=bimorphic action=maybe_recompile pc=0x000000000292dbd8 method=java.util.HashMap.putVal(ILjava/lang/Object;Ljava/lang/Object;ZZ)Ljava/lang/Object; @ 91
Event: 2.081 Thread 0x0000000016470000 Uncommon trap: reason=bimorphic action=maybe_recompile pc=0x0000000002a93bec method=java.util.HashMap.getNode(ILjava/lang/Object;)Ljava/util/HashMap$Node; @ 126
Event: 2.082 Thread 0x0000000016470000 Uncommon trap: reason=bimorphic action=maybe_recompile pc=0x0000000002a93bec method=java.util.HashMap.getNode(ILjava/lang/Object;)Ljava/util/HashMap$Node; @ 126
Event: 2.082 Thread 0x0000000016470000 Uncommon trap: reason=bimorphic action=maybe_recompile pc=0x0000000002a93bec method=java.util.HashMap.getNode(ILjava/lang/Object;)Ljava/util/HashMap$Node; @ 126
Event: 2.082 Thread 0x0000000016470000 Uncommon trap: reason=bimorphic action=maybe_recompile pc=0x0000000002a93bec method=java.util.HashMap.getNode(ILjava/lang/Object;)Ljava/util/HashMap$Node; @ 126

Internal exceptions (4 events):
Event: 0.062 Thread 0x0000000001fbe000 Exception <a 'java/lang/NoSuchMethodError': Method sun.misc.Unsafe.defineClass(Ljava/lang/String;[BII)Ljava/lang/Class; name or signature does not match> (0x00000000eab13068) thrown at [C:\re\workspace\8-2-build-windows-amd64-cygwin\jdk8u60\4407\hotspot\sr$cºô≥Ø?
Event: 0.062 Thread 0x0000000001fbe000 Exception <a 'java/lang/NoSuchMethodError': Method sun.misc.Unsafe.prefetchRead(Ljava/lang/Object;J)V name or signature does not match> (0x00000000eab13350) thrown at [C:\re\workspace\8-2-build-windows-amd64-cygwin\jdk8u60\4407\hotspot\src\share\vm\prims\jêÀ˛◊Å¡˝?
Event: 1.860 Thread 0x0000000016478000 Implicit null exception at 0x0000000002a6a999 to 0x0000000002a6bb71
Event: 1.947 Thread 0x0000000016470000 Implicit null exception at 0x0000000002a66c3d to 0x0000000002a67bb1

Events (10 events):
Event: 2.082 Thread 0x0000000016470000 DEOPT UNPACKING pc=0x000000000263582a sp=0x0000000016c1e9d8 mode 2
Event: 2.082 Thread 0x0000000016470000 Uncommon trap: trap_request=0xffffffc6 fr.pc=0x0000000002a93bec
Event: 2.082 Thread 0x0000000016470000 DEOPT PACKING pc=0x0000000002a93bec sp=0x0000000016c1eac0
Event: 2.082 Thread 0x0000000016470000 DEOPT UNPACKING pc=0x000000000263582a sp=0x0000000016c1e9d8 mode 2
Event: 2.082 Thread 0x0000000016470000 Uncommon trap: trap_request=0xffffffc6 fr.pc=0x0000000002a93bec
Event: 2.082 Thread 0x0000000016470000 DEOPT PACKING pc=0x0000000002a93bec sp=0x0000000016c1eac0
Event: 2.082 Thread 0x0000000016470000 DEOPT UNPACKING pc=0x000000000263582a sp=0x0000000016c1e9d8 mode 2
Event: 2.082 Thread 0x0000000016470000 Uncommon trap: trap_request=0xffffffc6 fr.pc=0x0000000002a93bec
Event: 2.082 Thread 0x0000000016470000 DEOPT PACKING pc=0x0000000002a93bec sp=0x0000000016c1eac0
Event: 2.082 Thread 0x0000000016470000 DEOPT UNPACKING pc=0x000000000263582a sp=0x0000000016c1e9d8 mode 2


Dynamic libraries:
0x00007ff60ef20000 - 0x00007ff60ef57000 	D:\Program Files\Java\jdk1.8.0_60\bin\java.exe
0x00007ffaf3e50000 - 0x00007ffaf4011000 	C:\Windows\SYSTEM32\ntdll.dll
0x00007ffaf3320000 - 0x00007ffaf33cd000 	C:\Windows\system32\KERNEL32.DLL
0x00007ffaf1280000 - 0x00007ffaf145d000 	C:\Windows\system32\KERNELBASE.dll
0x00007ffaf3120000 - 0x00007ffaf31c6000 	C:\Windows\system32\ADVAPI32.dll
0x00007ffaf2f50000 - 0x00007ffaf2fed000 	C:\Windows\system32\msvcrt.dll
0x00007ffaf3060000 - 0x00007ffaf30bb000 	C:\Windows\system32\sechost.dll
0x00007ffaf3d20000 - 0x00007ffaf3e46000 	C:\Windows\system32\RPCRT4.dll
0x00007ffaf1730000 - 0x00007ffaf187e000 	C:\Windows\system32\USER32.dll
0x00007ffaf3530000 - 0x00007ffaf36b6000 	C:\Windows\system32\GDI32.dll
0x00007ffaecfe0000 - 0x00007ffaed254000 	C:\Windows\WinSxS\amd64_microsoft.windows.common-controls_6595b64144ccf1df_6.0.10240.16384_none_f41f7b285750ef43\COMCTL32.dll
0x00007ffaf3820000 - 0x00007ffaf3856000 	C:\Windows\system32\IMM32.DLL
0x00007ffaf33d0000 - 0x00007ffaf352c000 	C:\Windows\system32\MSCTF.dll
0x000000005bf70000 - 0x000000005c042000 	D:\Program Files\Java\jdk1.8.0_60\jre\bin\msvcr100.dll
0x000000005c3f0000 - 0x000000005cc79000 	D:\Program Files\Java\jdk1.8.0_60\jre\bin\server\jvm.dll
0x00007ffaf37a0000 - 0x00007ffaf37a8000 	C:\Windows\system32\PSAPI.DLL
0x00007ffae3f60000 - 0x00007ffae3f69000 	C:\Windows\SYSTEM32\WSOCK32.dll
0x00007ffaf2ff0000 - 0x00007ffaf3059000 	C:\Windows\system32\WS2_32.dll
0x00007ffaf3b40000 - 0x00007ffaf3b48000 	C:\Windows\system32\NSI.dll
0x00007ffaeed40000 - 0x00007ffaeed63000 	C:\Windows\SYSTEM32\WINMM.dll
0x00007ffaef4f0000 - 0x00007ffaef4fa000 	C:\Windows\SYSTEM32\VERSION.dll
0x00007ffaeece0000 - 0x00007ffaeed0c000 	C:\Windows\SYSTEM32\WINMMBASE.dll
0x00007ffaf1230000 - 0x00007ffaf1274000 	C:\Windows\system32\cfgmgr32.dll
0x00007ffaef030000 - 0x00007ffaef057000 	C:\Windows\SYSTEM32\DEVOBJ.dll
0x000000005c3e0000 - 0x000000005c3ef000 	D:\Program Files\Java\jdk1.8.0_60\jre\bin\verify.dll
0x000000005c3b0000 - 0x000000005c3d9000 	D:\Program Files\Java\jdk1.8.0_60\jre\bin\java.dll
0x000000005c390000 - 0x000000005c3a6000 	D:\Program Files\Java\jdk1.8.0_60\jre\bin\zip.dll
0x00007ffaf1880000 - 0x00007ffaf2da2000 	C:\Windows\system32\SHELL32.dll
0x00007ffaf0920000 - 0x00007ffaf0f48000 	C:\Windows\system32\windows.storage.dll
0x00007ffaf38c0000 - 0x00007ffaf3b3c000 	C:\Windows\system32\combase.dll
0x00007ffaf16d0000 - 0x00007ffaf1721000 	C:\Windows\system32\shlwapi.dll
0x00007ffaf0910000 - 0x00007ffaf091f000 	C:\Windows\system32\kernel.appcore.dll
0x00007ffaf1460000 - 0x00007ffaf1513000 	C:\Windows\system32\shcore.dll
0x00007ffaf08a0000 - 0x00007ffaf08ea000 	C:\Windows\system32\powrprof.dll
0x00007ffaf0880000 - 0x00007ffaf0893000 	C:\Windows\system32\profapi.dll

VM Arguments:
jvm_args: -Xmx1024M -Dfile.encoding=GBK -Duser.country=CN -Duser.language=zh -Duser.variant 
java_command: com.android.dx.command.Main --dex --num-threads=4 --output D:\AndroidStudioProjects\TallyManagement2\app\build\intermediates\dex\debug D:\AndroidStudioProjects\TallyManagement2\app\build\intermediates\classes\debug D:\AndroidStudioProjects\TallyManagement2\app\build\intermediates\pre-dexed\debug\support-annotations-23.0.1-9792d51791d92eddc0d9758885c1364396bdbf7e.jar D:\AndroidStudioProjects\TallyManagement2\app\build\intermediates\pre-dexed\debug\classes-59ab2655c30787b672efa77e36c50fd968268cac.jar D:\AndroidStudioProjects\TallyManagement2\app\build\intermediates\pre-dexed\debug\classes-1e28f12559ef5d71b1bbca7b5db83eed036dc1c3.jar D:\AndroidStudioProjects\TallyManagement2\app\build\intermediates\pre-dexed\debug\classes-c9fb29425e916578f9da58c1224d11c2c54cd04f.jar D:\AndroidStudioProjects\TallyManagement2\app\build\intermediates\pre-dexed\debug\internal_impl-23.0.1-51c0b27fb24364d4354a5dbe02ee70f4a303778e.jar D:\AndroidStudioProjects\TallyManagement2\app\build\intermediates\pre-dexed\debug\classes-77caca71b46faf94cd7b22ea5adc1ef78f5ee27b.jar D:\AndroidStudioProjects\TallyManagement2\app\build\intermediates\pre-dexed\debug\classes-85cae0db46e6d23141b358ea201ceb5219e741e5.jar D:\AndroidStudioProjects\TallyManagement2\app\build\intermediates\pre-dexed\debug\core-3.2.1-6db63d91b412efde686622e4d50c047dfc951072.jar D:\AndroidStudioProjects\TallyManagement2\app\build\intermediates\pre-dexed\debug\classes-5e3f87484bd71784e4cca63d7b79d28598405798.jar D:\AndroidStudioProjects\TallyManagement2\app\build\intermediates\pre-dexed\debug\baidumapapi_v3_2_0-c8df5274e4c91172da3bbb51ba95c8c8b0d83d30.jar
java_class_path (initial): D:\Android\sdk\build-tools\23.0.1\lib\dx.jar
Launcher Type: SUN_STANDARD

Environment Variables:
JAVA_HOME=D:\Program Files\Java\jdk1.8.0_60
CLASSPATH=.;D:\Program Files\Java\jdk1.8.0_60\lib\dt.jar;D:\Program Files\Java\jdk1.8.0_60\lib\tools.jar
PATH=C:\app\song\product\11.2.0\client_2;C:\app\song\product\11.2.0\client_1\BIN;D:\Program Files\Java\jdk1.8.0_60\bin;D:\Program Files\Java\jdk1.8.0_60\jre\bin;C:\Program Files (x86)\Windows Kits\8.1\Windows Performance Toolkit\;C:\Program Files\Microsoft SQL Server\110\Tools\Binn\
USERNAME=song
OS=Windows_NT
PROCESSOR_IDENTIFIER=Intel64 Family 6 Model 61 Stepping 4, GenuineIntel



---------------  S Y S T E M  ---------------

OS: Windows 10.0 , 64 bit Build 10240 (10.0.10240.16384)

CPU:total 4 (2 cores per cpu, 2 threads per core) family 6 model 61 stepping 4, cmov, cx8, fxsr, mmx, sse, sse2, sse3, ssse3, sse4.1, sse4.2, popcnt, avx, avx2, clmul, erms, 3dnowpref, lzcnt, ht, tsc, tscinvbit, bmi1, bmi2, adx

Memory: 4k page, physical 8077272k(1280112k free), swap 23834992k(5248k free)

vm_info: Java HotSpot(TM) 64-Bit Server VM (25.60-b23) for windows-amd64 JRE (1.8.0_60-b27), built on Aug  4 2015 11:06:27 by "java_re" with MS VC++ 10.0 (VS2010)

time: Thu Oct 08 13:08:32 2015
elapsed time: 2 seconds (0d 0h 0m 2s)

